#
# There is insufficient memory for the Java Runtime Environment to continue.
# Native memory allocation (malloc) failed to allocate 268656 bytes for Chunk::new
# Possible reasons:
#   The system is out of physical RAM or swap space
#   The process is running with CompressedOops enabled, and the Java Heap may be blocking the growth of the native heap
# Possible solutions:
#   Reduce memory load on the system
#   Increase physical memory or swap space
#   Check if swap backing store is full
#   Decrease Java heap size (-Xmx/-Xms)
#   Decrease number of Java threads
#   Decrease Java thread stack sizes (-Xss)
#   Set larger code cache with -XX:ReservedCodeCacheSize=
#   JVM is running with Unscaled Compressed Oops mode in which the Java heap is
#     placed in the first 4GB address space. The Java Heap base address is the
#     maximum limit for the native heap growth. Please use -XX:HeapBaseMinAddress
#     to set the Java Heap base and to place the Java Heap above 4GB virtual address.
# This output file may be truncated or incomplete.
#
#  Out of Memory Error (arena.cpp:168), pid=22100, tid=24076
#
# JRE version: OpenJDK Runtime Environment (21.0.2+13) (build 21.0.2+13-58)
# Java VM: OpenJDK 64-Bit Server VM (21.0.2+13-58, mixed mode, sharing, tiered, compressed oops, compressed class ptrs, g1 gc, windows-amd64)
# No core dump will be written. Minidumps are not enabled by default on client versions of Windows
#

---------------  S U M M A R Y ------------

Command Line: -Xmx64m -Xms64m -Dorg.gradle.appname=gradlew C:\Springboot\BookMarket\\gradle\wrapper\gradle-wrapper.jar test

Host: Intel(R) Core(TM) i7-4770 CPU @ 3.40GHz, 8 cores, 15G,  Windows 10 , 64 bit Build 19041 (10.0.19041.5915)
Time: Tue Sep 23 12:02:33 2025  Windows 10 , 64 bit Build 19041 (10.0.19041.5915) elapsed time: 1.408830 seconds (0d 0h 0m 1s)

---------------  T H R E A D  ---------------

Current thread (0x000001fb721f34b0):  JavaThread "C2 CompilerThread0" daemon [_thread_in_native, id=24076, stack(0x000000b572800000,0x000000b572900000) (1024K)]


Current CompileTask:
C2:   1408 1081       4       java.util.jar.JarFile::getVersionedEntry (133 bytes)

Stack: [0x000000b572800000,0x000000b572900000]
Native frames: (J=compiled Java code, j=interpreted, Vv=VM code, C=native code)
V  [jvm.dll+0x6cade9]
V  [jvm.dll+0x8569c1]
V  [jvm.dll+0x858d2e]
V  [jvm.dll+0x859413]
V  [jvm.dll+0x280e56]
V  [jvm.dll+0xc3f3d]
V  [jvm.dll+0xc4473]
V  [jvm.dll+0x2f437f]
V  [jvm.dll+0x5f5056]
V  [jvm.dll+0x252d7f]
V  [jvm.dll+0x24b6d6]
V  [jvm.dll+0x2490a3]
V  [jvm.dll+0x1c9634]
V  [jvm.dll+0x258859]
V  [jvm.dll+0x256e3a]
V  [jvm.dll+0x3ef6c6]
V  [jvm.dll+0x7ff568]
V  [jvm.dll+0x6c953d]
C  [ucrtbase.dll+0x21bb2]
C  [KERNEL32.DLL+0x17374]
C  [ntdll.dll+0x4cc91]


---------------  P R O C E S S  ---------------

Threads class SMR info:
_java_thread_list=0x000001fb7740a270, length=11, elements={
0x000001fb560535b0, 0x000001fb721e7960, 0x000001fb721ea790, 0x000001fb721f0700,
0x000001fb561103d0, 0x000001fb56118e40, 0x000001fb561198a0, 0x000001fb721f34b0,
0x000001fb5611d800, 0x000001fb7241c070, 0x000001fb72420d10
}

Java Threads: ( => current thread )
  0x000001fb560535b0 JavaThread "main"                              [_thread_in_native, id=7812, stack(0x000000b571a00000,0x000000b571b00000) (1024K)]
  0x000001fb721e7960 JavaThread "Reference Handler"          daemon [_thread_blocked, id=24040, stack(0x000000b572200000,0x000000b572300000) (1024K)]
  0x000001fb721ea790 JavaThread "Finalizer"                  daemon [_thread_blocked, id=9432, stack(0x000000b572300000,0x000000b572400000) (1024K)]
  0x000001fb721f0700 JavaThread "Signal Dispatcher"          daemon [_thread_blocked, id=5344, stack(0x000000b572400000,0x000000b572500000) (1024K)]
  0x000001fb561103d0 JavaThread "Attach Listener"            daemon [_thread_blocked, id=21764, stack(0x000000b572500000,0x000000b572600000) (1024K)]
  0x000001fb56118e40 JavaThread "Service Thread"             daemon [_thread_blocked, id=9384, stack(0x000000b572600000,0x000000b572700000) (1024K)]
  0x000001fb561198a0 JavaThread "Monitor Deflation Thread"   daemon [_thread_blocked, id=9260, stack(0x000000b572700000,0x000000b572800000) (1024K)]
=>0x000001fb721f34b0 JavaThread "C2 CompilerThread0"         daemon [_thread_in_native, id=24076, stack(0x000000b572800000,0x000000b572900000) (1024K)]
  0x000001fb5611d800 JavaThread "C1 CompilerThread0"         daemon [_thread_in_native, id=4200, stack(0x000000b572900000,0x000000b572a00000) (1024K)]
  0x000001fb7241c070 JavaThread "Notification Thread"        daemon [_thread_blocked, id=23840, stack(0x000000b572a00000,0x000000b572b00000) (1024K)]
  0x000001fb72420d10 JavaThread "Common-Cleaner"             daemon [_thread_blocked, id=7592, stack(0x000000b572b00000,0x000000b572c00000) (1024K)]
Total: 11

Other Threads:
  0x000001fb560f7b20 VMThread "VM Thread"                           [id=3184, stack(0x000000b572100000,0x000000b572200000) (1024K)]
  0x000001fb721dd300 WatcherThread "VM Periodic Task Thread"        [id=8016, stack(0x000000b572000000,0x000000b572100000) (1024K)]
  0x000001fb56065230 WorkerThread "GC Thread#0"                     [id=5780, stack(0x000000b571b00000,0x000000b571c00000) (1024K)]
  0x000001fb72559c00 WorkerThread "GC Thread#1"                     [id=23672, stack(0x000000b572d00000,0x000000b572e00000) (1024K)]
  0x000001fb72942010 WorkerThread "GC Thread#2"                     [id=23620, stack(0x000000b572e00000,0x000000b572f00000) (1024K)]
  0x000001fb728853f0 WorkerThread "GC Thread#3"                     [id=23648, stack(0x000000b572f00000,0x000000b573000000) (1024K)]
  0x000001fb56066a10 ConcurrentGCThread "G1 Main Marker"            [id=23116, stack(0x000000b571c00000,0x000000b571d00000) (1024K)]
  0x000001fb560676c0 WorkerThread "G1 Conc#0"                       [id=24036, stack(0x000000b571d00000,0x000000b571e00000) (1024K)]
  0x000001fb560d2840 ConcurrentGCThread "G1 Refine#0"               [id=4704, stack(0x000000b571e00000,0x000000b571f00000) (1024K)]
  0x000001fb560d33b0 ConcurrentGCThread "G1 Service"                [id=21196, stack(0x000000b571f00000,0x000000b572000000) (1024K)]
Total: 10

Threads with active compile tasks:
C2 CompilerThread0     1429 1081       4       java.util.jar.JarFile::getVersionedEntry (133 bytes)
C1 CompilerThread0     1429 1094       3       java.io.WinNTFileSystem::resolve (326 bytes)
Total: 2

VM state: not at safepoint (normal execution)

VM Mutex/Monitor currently owned by a thread: None

Heap address: 0x00000000fc000000, size: 64 MB, Compressed Oops mode: 32-bit

CDS archive(s) mapped at: [0x000001fb00000000-0x000001fb00c90000-0x000001fb00c90000), size 13172736, SharedBaseAddress: 0x000001fb00000000, ArchiveRelocationMode: 1.
Compressed class space mapped at: 0x000001fb01000000-0x000001fb41000000, reserved size: 1073741824
Narrow klass base: 0x000001fb00000000, Narrow klass shift: 0, Narrow klass range: 0x100000000

GC Precious Log:
 CardTable entry size: 512
 Card Set container configuration: InlinePtr #cards 5 size 8 Array Of Cards #cards 12 size 40 Howl #buckets 4 coarsen threshold 1843 Howl Bitmap #cards 512 size 80 coarsen threshold 460 Card regions per heap region 1 cards per card region 2048
 CPUs: 8 total, 8 available
 Memory: 16255M
 Large Page Support: Disabled
 NUMA Support: Disabled
 Compressed Oops: Enabled (32-bit)
 Heap Region Size: 1M
 Heap Min Capacity: 64M
 Heap Initial Capacity: 64M
 Heap Max Capacity: 64M
 Pre-touch: Disabled
 Parallel Workers: 8
 Concurrent Workers: 2
 Concurrent Refinement Workers: 8
 Periodic GC: Disabled

Heap:
 garbage-first heap   total 65536K, used 22528K [0x00000000fc000000, 0x0000000100000000)
  region size 1024K, 21 young (21504K), 2 survivors (2048K)
 Metaspace       used 4539K, committed 4736K, reserved 1114112K
  class space    used 577K, committed 704K, reserved 1048576K

Heap Regions: E=young(eden), S=young(survivor), O=old, HS=humongous(starts), HC=humongous(continues), CS=collection set, F=free, TAMS=top-at-mark-start, PB=parsable bottom
|   0|0x00000000fc000000, 0x00000000fc100000, 0x00000000fc100000|100%|HS|  |TAMS 0x00000000fc000000| PB 0x00000000fc000000| Complete 
|   1|0x00000000fc100000, 0x00000000fc200000, 0x00000000fc200000|100%|HC|  |TAMS 0x00000000fc100000| PB 0x00000000fc100000| Complete 
|   2|0x00000000fc200000, 0x00000000fc300000, 0x00000000fc300000|100%|HC|  |TAMS 0x00000000fc200000| PB 0x00000000fc200000| Complete 
|   3|0x00000000fc300000, 0x00000000fc300000, 0x00000000fc400000|  0%| F|  |TAMS 0x00000000fc300000| PB 0x00000000fc300000| Untracked 
|   4|0x00000000fc400000, 0x00000000fc400000, 0x00000000fc500000|  0%| F|  |TAMS 0x00000000fc400000| PB 0x00000000fc400000| Untracked 
|   5|0x00000000fc500000, 0x00000000fc500000, 0x00000000fc600000|  0%| F|  |TAMS 0x00000000fc500000| PB 0x00000000fc500000| Untracked 
|   6|0x00000000fc600000, 0x00000000fc600000, 0x00000000fc700000|  0%| F|  |TAMS 0x00000000fc600000| PB 0x00000000fc600000| Untracked 
|   7|0x00000000fc700000, 0x00000000fc700000, 0x00000000fc800000|  0%| F|  |TAMS 0x00000000fc700000| PB 0x00000000fc700000| Untracked 
|   8|0x00000000fc800000, 0x00000000fc800000, 0x00000000fc900000|  0%| F|  |TAMS 0x00000000fc800000| PB 0x00000000fc800000| Untracked 
|   9|0x00000000fc900000, 0x00000000fc900000, 0x00000000fca00000|  0%| F|  |TAMS 0x00000000fc900000| PB 0x00000000fc900000| Untracked 
|  10|0x00000000fca00000, 0x00000000fca00000, 0x00000000fcb00000|  0%| F|  |TAMS 0x00000000fca00000| PB 0x00000000fca00000| Untracked 
|  11|0x00000000fcb00000, 0x00000000fcb00000, 0x00000000fcc00000|  0%| F|  |TAMS 0x00000000fcb00000| PB 0x00000000fcb00000| Untracked 
|  12|0x00000000fcc00000, 0x00000000fcc00000, 0x00000000fcd00000|  0%| F|  |TAMS 0x00000000fcc00000| PB 0x00000000fcc00000| Untracked 
|  13|0x00000000fcd00000, 0x00000000fcd00000, 0x00000000fce00000|  0%| F|  |TAMS 0x00000000fcd00000| PB 0x00000000fcd00000| Untracked 
|  14|0x00000000fce00000, 0x00000000fce00000, 0x00000000fcf00000|  0%| F|  |TAMS 0x00000000fce00000| PB 0x00000000fce00000| Untracked 
|  15|0x00000000fcf00000, 0x00000000fcf00000, 0x00000000fd000000|  0%| F|  |TAMS 0x00000000fcf00000| PB 0x00000000fcf00000| Untracked 
|  16|0x00000000fd000000, 0x00000000fd000000, 0x00000000fd100000|  0%| F|  |TAMS 0x00000000fd000000| PB 0x00000000fd000000| Untracked 
|  17|0x00000000fd100000, 0x00000000fd100000, 0x00000000fd200000|  0%| F|  |TAMS 0x00000000fd100000| PB 0x00000000fd100000| Untracked 
|  18|0x00000000fd200000, 0x00000000fd200000, 0x00000000fd300000|  0%| F|  |TAMS 0x00000000fd200000| PB 0x00000000fd200000| Untracked 
|  19|0x00000000fd300000, 0x00000000fd300000, 0x00000000fd400000|  0%| F|  |TAMS 0x00000000fd300000| PB 0x00000000fd300000| Untracked 
|  20|0x00000000fd400000, 0x00000000fd400000, 0x00000000fd500000|  0%| F|  |TAMS 0x00000000fd400000| PB 0x00000000fd400000| Untracked 
|  21|0x00000000fd500000, 0x00000000fd500000, 0x00000000fd600000|  0%| F|  |TAMS 0x00000000fd500000| PB 0x00000000fd500000| Untracked 
|  22|0x00000000fd600000, 0x00000000fd600000, 0x00000000fd700000|  0%| F|  |TAMS 0x00000000fd600000| PB 0x00000000fd600000| Untracked 
|  23|0x00000000fd700000, 0x00000000fd700000, 0x00000000fd800000|  0%| F|  |TAMS 0x00000000fd700000| PB 0x00000000fd700000| Untracked 
|  24|0x00000000fd800000, 0x00000000fd800000, 0x00000000fd900000|  0%| F|  |TAMS 0x00000000fd800000| PB 0x00000000fd800000| Untracked 
|  25|0x00000000fd900000, 0x00000000fd900000, 0x00000000fda00000|  0%| F|  |TAMS 0x00000000fd900000| PB 0x00000000fd900000| Untracked 
|  26|0x00000000fda00000, 0x00000000fda00000, 0x00000000fdb00000|  0%| F|  |TAMS 0x00000000fda00000| PB 0x00000000fda00000| Untracked 
|  27|0x00000000fdb00000, 0x00000000fdb00000, 0x00000000fdc00000|  0%| F|  |TAMS 0x00000000fdb00000| PB 0x00000000fdb00000| Untracked 
|  28|0x00000000fdc00000, 0x00000000fdc00000, 0x00000000fdd00000|  0%| F|  |TAMS 0x00000000fdc00000| PB 0x00000000fdc00000| Untracked 
|  29|0x00000000fdd00000, 0x00000000fdd00000, 0x00000000fde00000|  0%| F|  |TAMS 0x00000000fdd00000| PB 0x00000000fdd00000| Untracked 
|  30|0x00000000fde00000, 0x00000000fde00000, 0x00000000fdf00000|  0%| F|  |TAMS 0x00000000fde00000| PB 0x00000000fde00000| Untracked 
|  31|0x00000000fdf00000, 0x00000000fdf00000, 0x00000000fe000000|  0%| F|  |TAMS 0x00000000fdf00000| PB 0x00000000fdf00000| Untracked 
|  32|0x00000000fe000000, 0x00000000fe000000, 0x00000000fe100000|  0%| F|  |TAMS 0x00000000fe000000| PB 0x00000000fe000000| Untracked 
|  33|0x00000000fe100000, 0x00000000fe100000, 0x00000000fe200000|  0%| F|  |TAMS 0x00000000fe100000| PB 0x00000000fe100000| Untracked 
|  34|0x00000000fe200000, 0x00000000fe200000, 0x00000000fe300000|  0%| F|  |TAMS 0x00000000fe200000| PB 0x00000000fe200000| Untracked 
|  35|0x00000000fe300000, 0x00000000fe300000, 0x00000000fe400000|  0%| F|  |TAMS 0x00000000fe300000| PB 0x00000000fe300000| Untracked 
|  36|0x00000000fe400000, 0x00000000fe400000, 0x00000000fe500000|  0%| F|  |TAMS 0x00000000fe400000| PB 0x00000000fe400000| Untracked 
|  37|0x00000000fe500000, 0x00000000fe500000, 0x00000000fe600000|  0%| F|  |TAMS 0x00000000fe500000| PB 0x00000000fe500000| Untracked 
|  38|0x00000000fe600000, 0x00000000fe600000, 0x00000000fe700000|  0%| F|  |TAMS 0x00000000fe600000| PB 0x00000000fe600000| Untracked 
|  39|0x00000000fe700000, 0x00000000fe800000, 0x00000000fe800000|100%| S|CS|TAMS 0x00000000fe700000| PB 0x00000000fe700000| Complete 
|  40|0x00000000fe800000, 0x00000000fe900000, 0x00000000fe900000|100%| S|CS|TAMS 0x00000000fe800000| PB 0x00000000fe800000| Complete 
|  41|0x00000000fe900000, 0x00000000fe900000, 0x00000000fea00000|  0%| F|  |TAMS 0x00000000fe900000| PB 0x00000000fe900000| Untracked 
|  42|0x00000000fea00000, 0x00000000fea00000, 0x00000000feb00000|  0%| F|  |TAMS 0x00000000fea00000| PB 0x00000000fea00000| Untracked 
|  43|0x00000000feb00000, 0x00000000feb00000, 0x00000000fec00000|  0%| F|  |TAMS 0x00000000feb00000| PB 0x00000000feb00000| Untracked 
|  44|0x00000000fec00000, 0x00000000fec00000, 0x00000000fed00000|  0%| F|  |TAMS 0x00000000fec00000| PB 0x00000000fec00000| Untracked 
|  45|0x00000000fed00000, 0x00000000fed6bab8, 0x00000000fee00000| 42%| E|  |TAMS 0x00000000fed00000| PB 0x00000000fed00000| Complete 
|  46|0x00000000fee00000, 0x00000000fef00000, 0x00000000fef00000|100%| E|CS|TAMS 0x00000000fee00000| PB 0x00000000fee00000| Complete 
|  47|0x00000000fef00000, 0x00000000ff000000, 0x00000000ff000000|100%| E|CS|TAMS 0x00000000fef00000| PB 0x00000000fef00000| Complete 
|  48|0x00000000ff000000, 0x00000000ff100000, 0x00000000ff100000|100%| E|CS|TAMS 0x00000000ff000000| PB 0x00000000ff000000| Complete 
|  49|0x00000000ff100000, 0x00000000ff200000, 0x00000000ff200000|100%| E|CS|TAMS 0x00000000ff100000| PB 0x00000000ff100000| Complete 
|  50|0x00000000ff200000, 0x00000000ff300000, 0x00000000ff300000|100%| E|CS|TAMS 0x00000000ff200000| PB 0x00000000ff200000| Complete 
|  51|0x00000000ff300000, 0x00000000ff400000, 0x00000000ff400000|100%| E|CS|TAMS 0x00000000ff300000| PB 0x00000000ff300000| Complete 
|  52|0x00000000ff400000, 0x00000000ff500000, 0x00000000ff500000|100%| E|CS|TAMS 0x00000000ff400000| PB 0x00000000ff400000| Complete 
|  53|0x00000000ff500000, 0x00000000ff600000, 0x00000000ff600000|100%| E|CS|TAMS 0x00000000ff500000| PB 0x00000000ff500000| Complete 
|  54|0x00000000ff600000, 0x00000000ff700000, 0x00000000ff700000|100%| E|CS|TAMS 0x00000000ff600000| PB 0x00000000ff600000| Complete 
|  55|0x00000000ff700000, 0x00000000ff800000, 0x00000000ff800000|100%| E|CS|TAMS 0x00000000ff700000| PB 0x00000000ff700000| Complete 
|  56|0x00000000ff800000, 0x00000000ff900000, 0x00000000ff900000|100%| E|CS|TAMS 0x00000000ff800000| PB 0x00000000ff800000| Complete 
|  57|0x00000000ff900000, 0x00000000ffa00000, 0x00000000ffa00000|100%| E|CS|TAMS 0x00000000ff900000| PB 0x00000000ff900000| Complete 
|  58|0x00000000ffa00000, 0x00000000ffb00000, 0x00000000ffb00000|100%| E|  |TAMS 0x00000000ffa00000| PB 0x00000000ffa00000| Complete 
|  59|0x00000000ffb00000, 0x00000000ffc00000, 0x00000000ffc00000|100%| E|CS|TAMS 0x00000000ffb00000| PB 0x00000000ffb00000| Complete 
|  60|0x00000000ffc00000, 0x00000000ffd00000, 0x00000000ffd00000|100%| E|CS|TAMS 0x00000000ffc00000| PB 0x00000000ffc00000| Complete 
|  61|0x00000000ffd00000, 0x00000000ffe00000, 0x00000000ffe00000|100%| E|CS|TAMS 0x00000000ffd00000| PB 0x00000000ffd00000| Complete 
|  62|0x00000000ffe00000, 0x00000000fff00000, 0x00000000fff00000|100%| E|CS|TAMS 0x00000000ffe00000| PB 0x00000000ffe00000| Complete 
|  63|0x00000000fff00000, 0x0000000100000000, 0x0000000100000000|100%| E|CS|TAMS 0x00000000fff00000| PB 0x00000000fff00000| Complete 

Card table byte_map: [0x000001fb6f710000,0x000001fb6f730000] _byte_map_base: 0x000001fb6ef30000

Marking Bits: (CMBitMap*) 0x000001fb56065930
 Bits: [0x000001fb6f730000, 0x000001fb6f830000)

Polling page: 0x000001fb56120000

Metaspace:

Usage:
  Non-class:      3.89 MB used.
      Class:    582.12 KB used.
       Both:      4.45 MB used.

Virtual space:
  Non-class space:       64.00 MB reserved,       3.94 MB (  6%) committed,  1 nodes.
      Class space:        1.00 GB reserved,     704.00 KB ( <1%) committed,  1 nodes.
             Both:        1.06 GB reserved,       4.62 MB ( <1%) committed. 

Chunk freelists:
   Non-Class:  10.19 MB
       Class:  15.35 MB
        Both:  25.54 MB

MaxMetaspaceSize: unlimited
CompressedClassSpaceSize: 1.00 GB
Initial GC threshold: 21.00 MB
Current GC threshold: 21.00 MB
CDS: on
 - commit_granule_bytes: 65536.
 - commit_granule_words: 8192.
 - virtual_space_node_default_size: 8388608.
 - enlarge_chunks_in_place: 1.
 - use_allocation_guard: 0.


Internal statistics:

num_allocs_failed_limit: 0.
num_arena_births: 66.
num_arena_deaths: 0.
num_vsnodes_births: 2.
num_vsnodes_deaths: 0.
num_space_committed: 74.
num_space_uncommitted: 0.
num_chunks_returned_to_freelist: 0.
num_chunks_taken_from_freelist: 190.
num_chunk_merges: 0.
num_chunk_splits: 112.
num_chunks_enlarged: 86.
num_inconsistent_stats: 0.

CodeHeap 'non-profiled nmethods': size=120000Kb used=506Kb max_used=506Kb free=119493Kb
 bounds [0x000001fb67750000, 0x000001fb679c0000, 0x000001fb6ec80000]
CodeHeap 'profiled nmethods': size=120000Kb used=2142Kb max_used=2142Kb free=117857Kb
 bounds [0x000001fb5fc80000, 0x000001fb5fef0000, 0x000001fb671b0000]
CodeHeap 'non-nmethods': size=5760Kb used=1332Kb max_used=1345Kb free=4427Kb
 bounds [0x000001fb671b0000, 0x000001fb67420000, 0x000001fb67750000]
 total_blobs=1534 nmethods=1091 adapters=348
 compilation: enabled
              stopped_count=0, restarted_count=0
 full_count=0

Compilation events (20 events):
Event: 1.395 Thread 0x000001fb5611d800 1080       3       jdk.internal.org.objectweb.asm.Handler::getExceptionTableLength (21 bytes)
Event: 1.395 Thread 0x000001fb5611d800 nmethod 1080 0x000001fb5fe8da90 code [0x000001fb5fe8dc40, 0x000001fb5fe8dde0]
Event: 1.395 Thread 0x000001fb5611d800 1076       3       java.util.Arrays::copyOf (10 bytes)
Event: 1.396 Thread 0x000001fb5611d800 nmethod 1076 0x000001fb5fe8df10 code [0x000001fb5fe8e0c0, 0x000001fb5fe8e210]
Event: 1.396 Thread 0x000001fb5611d800 1079       1       jdk.internal.org.objectweb.asm.MethodWriter::hasAsmInstructions (5 bytes)
Event: 1.396 Thread 0x000001fb5611d800 nmethod 1079 0x000001fb677cd690 code [0x000001fb677cd820, 0x000001fb677cd8f0]
Event: 1.397 Thread 0x000001fb721f34b0 nmethod 1072 0x000001fb677cd990 code [0x000001fb677cdb60, 0x000001fb677cdf40]
Event: 1.397 Thread 0x000001fb721f34b0 1081       4       java.util.jar.JarFile::getVersionedEntry (133 bytes)
Event: 1.399 Thread 0x000001fb5611d800 1082       1       java.lang.reflect.Method::getReturnType (5 bytes)
Event: 1.399 Thread 0x000001fb5611d800 nmethod 1082 0x000001fb677ce290 code [0x000001fb677ce420, 0x000001fb677ce4e8]
Event: 1.399 Thread 0x000001fb5611d800 1083       1       java.lang.reflect.Method::getDeclaringClass (5 bytes)
Event: 1.399 Thread 0x000001fb5611d800 nmethod 1083 0x000001fb677ce590 code [0x000001fb677ce720, 0x000001fb677ce7e8]
Event: 1.399 Thread 0x000001fb5611d800 1084       1       java.util.Collections$1::hasNext (5 bytes)
Event: 1.400 Thread 0x000001fb5611d800 nmethod 1084 0x000001fb677ce890 code [0x000001fb677cea20, 0x000001fb677ceaf0]
Event: 1.400 Thread 0x000001fb5611d800 1085       3       java.lang.Class::cast (27 bytes)
Event: 1.400 Thread 0x000001fb5611d800 nmethod 1085 0x000001fb5fe8e310 code [0x000001fb5fe8e4e0, 0x000001fb5fe8e790]
Event: 1.400 Thread 0x000001fb5611d800 1087       3       java.util.WeakHashMap::put (160 bytes)
Event: 1.401 Thread 0x000001fb5611d800 nmethod 1087 0x000001fb5fe8e890 code [0x000001fb5fe8eb20, 0x000001fb5fe8fb38]
Event: 1.402 Thread 0x000001fb5611d800 1088       3       jdk.internal.org.objectweb.asm.Frame::pop (42 bytes)
Event: 1.403 Thread 0x000001fb5611d800 nmethod 1088 0x000001fb5fe90090 code [0x000001fb5fe90240, 0x000001fb5fe903f8]

GC Heap History (2 events):
Event: 0.707 GC heap before
{Heap before GC invocations=0 (full 0):
 garbage-first heap   total 65536K, used 23552K [0x00000000fc000000, 0x0000000100000000)
  region size 1024K, 23 young (23552K), 0 survivors (0K)
 Metaspace       used 1610K, committed 1792K, reserved 1114112K
  class space    used 149K, committed 256K, reserved 1048576K
}
Event: 0.715 GC heap after
{Heap after GC invocations=1 (full 0):
 garbage-first heap   total 65536K, used 2048K [0x00000000fc000000, 0x0000000100000000)
  region size 1024K, 2 young (2048K), 2 survivors (2048K)
 Metaspace       used 1610K, committed 1792K, reserved 1114112K
  class space    used 149K, committed 256K, reserved 1048576K
}

Dll operation events (10 events):
Event: 0.007 Loaded shared library C:\Program Files\Java\jdk-21.0.2\bin\java.dll
Event: 0.062 Loaded shared library C:\Program Files\Java\jdk-21.0.2\bin\jsvml.dll
Event: 0.095 Loaded shared library C:\Program Files\Java\jdk-21.0.2\bin\net.dll
Event: 0.097 Loaded shared library C:\Program Files\Java\jdk-21.0.2\bin\nio.dll
Event: 0.100 Loaded shared library C:\Program Files\Java\jdk-21.0.2\bin\zip.dll
Event: 0.110 Loaded shared library C:\Program Files\Java\jdk-21.0.2\bin\verify.dll
Event: 0.722 Loaded shared library C:\Program Files\Java\jdk-21.0.2\bin\jimage.dll
Event: 1.300 Loaded shared library C:\Program Files\Java\jdk-21.0.2\bin\management.dll
Event: 1.303 Loaded shared library C:\Program Files\Java\jdk-21.0.2\bin\management_ext.dll
Event: 1.380 Loaded shared library C:\Users\human-18\.gradle\native\1def1411415f61bf3af743bc5b6707747c0891f09f0c88961ee8f79bc544acac\windows-amd64\native-platform.dll

Deoptimization events (20 events):
Event: 1.319 Thread 0x000001fb560535b0 Uncommon trap: trap_request=0xffffff45 fr.pc=0x000001fb677c1b04 relative=0x00000000000002c4
Event: 1.319 Thread 0x000001fb560535b0 Uncommon trap: reason=unstable_if action=reinterpret pc=0x000001fb677c1b04 method=jdk.internal.util.ArraysSupport.mismatch([BI[BII)I @ 55 c2
Event: 1.319 Thread 0x000001fb560535b0 DEOPT PACKING pc=0x000001fb677c1b04 sp=0x000000b571afe350
Event: 1.319 Thread 0x000001fb560535b0 DEOPT UNPACKING pc=0x000001fb672046a2 sp=0x000000b571afe248 mode 2
Event: 1.319 Thread 0x000001fb560535b0 Uncommon trap: trap_request=0xffffff45 fr.pc=0x000001fb677c21b8 relative=0x0000000000000218
Event: 1.319 Thread 0x000001fb560535b0 Uncommon trap: reason=unstable_if action=reinterpret pc=0x000001fb677c21b8 method=jdk.internal.util.ArraysSupport.mismatch([BI[BII)I @ 55 c2
Event: 1.319 Thread 0x000001fb560535b0 DEOPT PACKING pc=0x000001fb677c21b8 sp=0x000000b571afe5b0
Event: 1.319 Thread 0x000001fb560535b0 DEOPT UNPACKING pc=0x000001fb672046a2 sp=0x000000b571afe578 mode 2
Event: 1.323 Thread 0x000001fb560535b0 Uncommon trap: trap_request=0xffffff45 fr.pc=0x000001fb677c3598 relative=0x00000000000006b8
Event: 1.323 Thread 0x000001fb560535b0 Uncommon trap: reason=unstable_if action=reinterpret pc=0x000001fb677c3598 method=java.util.HashMap.hash(Ljava/lang/Object;)I @ 1 c2
Event: 1.323 Thread 0x000001fb560535b0 DEOPT PACKING pc=0x000001fb677c3598 sp=0x000000b571afe720
Event: 1.323 Thread 0x000001fb560535b0 DEOPT UNPACKING pc=0x000001fb672046a2 sp=0x000000b571afe628 mode 2
Event: 1.323 Thread 0x000001fb560535b0 Uncommon trap: trap_request=0xffffff45 fr.pc=0x000001fb67783ed0 relative=0x00000000000000b0
Event: 1.323 Thread 0x000001fb560535b0 Uncommon trap: reason=unstable_if action=reinterpret pc=0x000001fb67783ed0 method=java.util.HashMap.hash(Ljava/lang/Object;)I @ 1 c2
Event: 1.323 Thread 0x000001fb560535b0 DEOPT PACKING pc=0x000001fb67783ed0 sp=0x000000b571afe690
Event: 1.323 Thread 0x000001fb560535b0 DEOPT UNPACKING pc=0x000001fb672046a2 sp=0x000000b571afe628 mode 2
Event: 1.336 Thread 0x000001fb560535b0 Uncommon trap: trap_request=0xffffff45 fr.pc=0x000001fb6777d5bc relative=0x000000000000045c
Event: 1.336 Thread 0x000001fb560535b0 Uncommon trap: reason=unstable_if action=reinterpret pc=0x000001fb6777d5bc method=java.util.Properties.loadConvert([CIILjava/lang/StringBuilder;)Ljava/lang/String; @ 26 c2
Event: 1.336 Thread 0x000001fb560535b0 DEOPT PACKING pc=0x000001fb6777d5bc sp=0x000000b571afcaa0
Event: 1.336 Thread 0x000001fb560535b0 DEOPT UNPACKING pc=0x000001fb672046a2 sp=0x000000b571afca60 mode 2

Classes loaded (20 events):
Event: 1.335 Loading class sun/net/www/protocol/jar/URLJarFile
Event: 1.335 Loading class sun/net/www/protocol/jar/URLJarFile done
Event: 1.336 Loading class sun/net/www/protocol/jar/URLJarFile$URLJarFileEntry
Event: 1.336 Loading class sun/net/www/protocol/jar/URLJarFile$URLJarFileEntry done
Event: 1.336 Loading class sun/net/www/protocol/jar/JarURLConnection$JarURLInputStream
Event: 1.336 Loading class sun/net/www/protocol/jar/JarURLConnection$JarURLInputStream done
Event: 1.337 Loading class java/util/Formatter$FixedString
Event: 1.337 Loading class java/util/Formatter$FixedString done
Event: 1.348 Loading class java/net/UnknownHostException
Event: 1.348 Loading class java/net/UnknownHostException done
Event: 1.375 Loading class java/lang/UnsatisfiedLinkError
Event: 1.375 Loading class java/lang/UnsatisfiedLinkError done
Event: 1.378 Loading class java/nio/channels/spi/AbstractInterruptibleChannel$1
Event: 1.378 Loading class sun/nio/ch/Interruptible
Event: 1.378 Loading class sun/nio/ch/Interruptible done
Event: 1.378 Loading class java/nio/channels/spi/AbstractInterruptibleChannel$1 done
Event: 1.380 Loading class jdk/internal/loader/NativeLibraries$Unloader
Event: 1.380 Loading class jdk/internal/loader/NativeLibraries$Unloader done
Event: 1.400 Loading class java/lang/Class$EnclosingMethodInfo
Event: 1.400 Loading class java/lang/Class$EnclosingMethodInfo done

Classes unloaded (0 events):
No events

Classes redefined (0 events):
No events

Internal exceptions (10 events):
Event: 0.265 Thread 0x000001fb560535b0 Exception <a 'java/lang/NoSuchMethodError'{0x00000000ffc565a8}: 'void java.lang.invoke.DirectMethodHandle$Holder.invokeStatic(java.lang.Object, java.lang.Object)'> (0x00000000ffc565a8) 
thrown [s\open\src\hotspot\share\interpreter\linkResolver.cpp, line 773]
Event: 0.266 Thread 0x000001fb560535b0 Exception <a 'java/lang/NoSuchMethodError'{0x00000000ffc5a128}: 'void java.lang.invoke.DirectMethodHandle$Holder.invokeSpecial(java.lang.Object, java.lang.Object, java.lang.Object)'> (0x00000000ffc5a128) 
thrown [s\open\src\hotspot\share\interpreter\linkResolver.cpp, line 773]
Event: 0.282 Thread 0x000001fb560535b0 Exception <a 'java/lang/NoSuchMethodError'{0x00000000ffb25960}: 'int java.lang.invoke.DirectMethodHandle$Holder.invokeStaticInit(java.lang.Object, java.lang.Object)'> (0x00000000ffb25960) 
thrown [s\open\src\hotspot\share\interpreter\linkResolver.cpp, line 773]
Event: 1.100 Thread 0x000001fb560535b0 Exception <a 'java/lang/NoSuchMethodError'{0x00000000ff5f7d98}: 'java.lang.Object java.lang.invoke.DirectMethodHandle$Holder.invokeVirtual(java.lang.Object, java.lang.Object, java.lang.Object)'> (0x00000000ff5f7d98) 
thrown [s\open\src\hotspot\share\interpreter\linkResolver.cpp, line 773]
Event: 1.313 Thread 0x000001fb560535b0 Exception <a 'java/lang/NoSuchMethodError'{0x00000000ff06f130}: 'int java.lang.invoke.DirectMethodHandle$Holder.invokeSpecial(java.lang.Object, java.lang.Object, java.lang.Object)'> (0x00000000ff06f130) 
thrown [s\open\src\hotspot\share\interpreter\linkResolver.cpp, line 773]
Event: 1.323 Thread 0x000001fb560535b0 Implicit null exception at 0x000001fb677c2f3c to 0x000001fb677c357c
Event: 1.323 Thread 0x000001fb560535b0 Implicit null exception at 0x000001fb67783e3d to 0x000001fb67783ec1
Event: 1.340 Thread 0x000001fb560535b0 Exception <a 'java/lang/NoClassDefFoundError'{0x00000000fef1d528}: org/slf4j/impl/StaticMarkerBinder> (0x00000000fef1d528) 
thrown [s\open\src\hotspot\share\classfile\systemDictionary.cpp, line 301]
Event: 1.391 Thread 0x000001fb560535b0 Exception <a 'java/lang/NoSuchMethodError'{0x00000000fee47900}: 'java.lang.Object java.lang.invoke.DirectMethodHandle$Holder.invokeStatic(java.lang.Object, java.lang.Object, int)'> (0x00000000fee47900) 
thrown [s\open\src\hotspot\share\interpreter\linkResolver.cpp, line 773]
Event: 1.393 Thread 0x000001fb560535b0 Exception <a 'java/lang/NoSuchMethodError'{0x00000000fee52d50}: 'void java.lang.invoke.DelegatingMethodHandle$Holder.delegate(java.lang.Object, java.lang.Object, int, java.lang.Object)'> (0x00000000fee52d50) 
thrown [s\open\src\hotspot\share\interpreter\linkResolver.cpp, line 773]

ZGC Phase Switch (0 events):
No events

VM Operations (14 events):
Event: 0.101 Executing VM operation: HandshakeAllThreads (Deoptimize)
Event: 0.101 Executing VM operation: HandshakeAllThreads (Deoptimize) done
Event: 0.707 Executing VM operation: G1CollectForAllocation (G1 Evacuation Pause)
Event: 0.715 Executing VM operation: G1CollectForAllocation (G1 Evacuation Pause) done
Event: 1.105 Executing VM operation: HandshakeAllThreads (Deoptimize)
Event: 1.105 Executing VM operation: HandshakeAllThreads (Deoptimize) done
Event: 1.320 Executing VM operation: HandshakeAllThreads (Deoptimize)
Event: 1.320 Executing VM operation: HandshakeAllThreads (Deoptimize) done
Event: 1.335 Executing VM operation: HandshakeAllThreads (Deoptimize)
Event: 1.335 Executing VM operation: HandshakeAllThreads (Deoptimize) done
Event: 1.335 Executing VM operation: HandshakeAllThreads (Deoptimize)
Event: 1.335 Executing VM operation: HandshakeAllThreads (Deoptimize) done
Event: 1.391 Executing VM operation: HandshakeAllThreads (Deoptimize)
Event: 1.391 Executing VM operation: HandshakeAllThreads (Deoptimize) done

Events (13 events):
Event: 0.027 Thread 0x000001fb560535b0 Thread added: 0x000001fb560535b0
Event: 0.058 Thread 0x000001fb721e7960 Thread added: 0x000001fb721e7960
Event: 0.059 Thread 0x000001fb721ea790 Thread added: 0x000001fb721ea790
Event: 0.059 Thread 0x000001fb721f0700 Thread added: 0x000001fb721f0700
Event: 0.059 Thread 0x000001fb561103d0 Thread added: 0x000001fb561103d0
Event: 0.059 Thread 0x000001fb56118e40 Thread added: 0x000001fb56118e40
Event: 0.060 Thread 0x000001fb561198a0 Thread added: 0x000001fb561198a0
Event: 0.060 Thread 0x000001fb721f34b0 Thread added: 0x000001fb721f34b0
Event: 0.060 Thread 0x000001fb5611d800 Thread added: 0x000001fb5611d800
Event: 0.088 Thread 0x000001fb7241c070 Thread added: 0x000001fb7241c070
Event: 0.090 Thread 0x000001fb72420d10 Thread added: 0x000001fb72420d10
Event: 0.685 Thread 0x000001fb72556850 Thread added: 0x000001fb72556850
Event: 1.298 Thread 0x000001fb72556850 Thread exited: 0x000001fb72556850


Dynamic libraries:
0x00007ff6754b0000 - 0x00007ff6754be000 	C:\Program Files\Java\jdk-21.0.2\bin\java.exe
0x00007ffb75090000 - 0x00007ffb75288000 	C:\Windows\SYSTEM32\ntdll.dll
0x00007ffb730c0000 - 0x00007ffb73182000 	C:\Windows\System32\KERNEL32.DLL
0x00007ffb72870000 - 0x00007ffb72b66000 	C:\Windows\System32\KERNELBASE.dll
0x00007ffb72e40000 - 0x00007ffb72f40000 	C:\Windows\System32\ucrtbase.dll
0x00007ffb5d6e0000 - 0x00007ffb5d6f8000 	C:\Program Files\Java\jdk-21.0.2\bin\jli.dll
0x00007ffb5d630000 - 0x00007ffb5d64b000 	C:\Program Files\Java\jdk-21.0.2\bin\VCRUNTIME140.dll
0x00007ffb740b0000 - 0x00007ffb7424d000 	C:\Windows\System32\USER32.dll
0x00007ffb72f40000 - 0x00007ffb72f62000 	C:\Windows\System32\win32u.dll
0x00007ffb676b0000 - 0x00007ffb6794b000 	C:\Windows\WinSxS\amd64_microsoft.windows.common-controls_6595b64144ccf1df_6.0.19041.6280_none_60bc30a171f2f3f3\COMCTL32.dll
0x00007ffb74f40000 - 0x00007ffb74fde000 	C:\Windows\System32\msvcrt.dll
0x00007ffb74f10000 - 0x00007ffb74f3b000 	C:\Windows\System32\GDI32.dll
0x00007ffb72fa0000 - 0x00007ffb730b9000 	C:\Windows\System32\gdi32full.dll
0x00007ffb72da0000 - 0x00007ffb72e3d000 	C:\Windows\System32\msvcp_win.dll
0x00007ffb74ee0000 - 0x00007ffb74f0f000 	C:\Windows\System32\IMM32.DLL
0x00007ffb6c4c0000 - 0x00007ffb6c4cc000 	C:\Program Files\Java\jdk-21.0.2\bin\vcruntime140_1.dll
0x00007ffb54070000 - 0x00007ffb540fe000 	C:\Program Files\Java\jdk-21.0.2\bin\msvcp140.dll
0x00007ffb20780000 - 0x00007ffb21497000 	C:\Program Files\Java\jdk-21.0.2\bin\server\jvm.dll
0x00007ffb73ff0000 - 0x00007ffb740a1000 	C:\Windows\System32\ADVAPI32.dll
0x00007ffb74e30000 - 0x00007ffb74ecf000 	C:\Windows\System32\sechost.dll
0x00007ffb74a20000 - 0x00007ffb74b40000 	C:\Windows\System32\RPCRT4.dll
0x00007ffb72f70000 - 0x00007ffb72f97000 	C:\Windows\System32\bcrypt.dll
0x00007ffb739d0000 - 0x00007ffb73a3b000 	C:\Windows\System32\WS2_32.dll
0x00007ffb72470000 - 0x00007ffb724bb000 	C:\Windows\SYSTEM32\POWRPROF.dll
0x00007ffb6b1e0000 - 0x00007ffb6b1ea000 	C:\Windows\SYSTEM32\VERSION.dll
0x00007ffb675c0000 - 0x00007ffb675e7000 	C:\Windows\SYSTEM32\WINMM.dll
0x00007ffb72450000 - 0x00007ffb72462000 	C:\Windows\SYSTEM32\UMPDC.dll
0x00007ffb704f0000 - 0x00007ffb70502000 	C:\Windows\SYSTEM32\kernel.appcore.dll
0x00007ffb662c0000 - 0x00007ffb662ca000 	C:\Program Files\Java\jdk-21.0.2\bin\jimage.dll
0x00007ffb6d8a0000 - 0x00007ffb6daa1000 	C:\Windows\SYSTEM32\DBGHELP.DLL
0x00007ffb6d690000 - 0x00007ffb6d6c4000 	C:\Windows\SYSTEM32\dbgcore.DLL
0x00007ffb727e0000 - 0x00007ffb72862000 	C:\Windows\System32\bcryptPrimitives.dll
0x00007ffb5bfe0000 - 0x00007ffb5bfff000 	C:\Program Files\Java\jdk-21.0.2\bin\java.dll
0x00007ffb74250000 - 0x00007ffb749c0000 	C:\Windows\System32\SHELL32.dll
0x00007ffb707d0000 - 0x00007ffb70f75000 	C:\Windows\SYSTEM32\windows.storage.dll
0x00007ffb735f0000 - 0x00007ffb73943000 	C:\Windows\System32\combase.dll
0x00007ffb72090000 - 0x00007ffb720bb000 	C:\Windows\SYSTEM32\Wldp.dll
0x00007ffb73190000 - 0x00007ffb7325d000 	C:\Windows\System32\OLEAUT32.dll
0x00007ffb74d80000 - 0x00007ffb74e2d000 	C:\Windows\System32\SHCORE.dll
0x00007ffb73f90000 - 0x00007ffb73feb000 	C:\Windows\System32\shlwapi.dll
0x00007ffb72660000 - 0x00007ffb72684000 	C:\Windows\SYSTEM32\profapi.dll
0x00007ffb3d010000 - 0x00007ffb3d0e7000 	C:\Program Files\Java\jdk-21.0.2\bin\jsvml.dll
0x00007ffb5d120000 - 0x00007ffb5d130000 	C:\Program Files\Java\jdk-21.0.2\bin\net.dll
0x00007ffb6ca50000 - 0x00007ffb6cb5a000 	C:\Windows\SYSTEM32\WINHTTP.dll
0x00007ffb71df0000 - 0x00007ffb71e5a000 	C:\Windows\system32\mswsock.dll
0x00007ffb5be10000 - 0x00007ffb5be26000 	C:\Program Files\Java\jdk-21.0.2\bin\nio.dll
0x00007ffb5bf80000 - 0x00007ffb5bf98000 	C:\Program Files\Java\jdk-21.0.2\bin\zip.dll
0x00007ffb5c060000 - 0x00007ffb5c070000 	C:\Program Files\Java\jdk-21.0.2\bin\verify.dll
0x00007ffb5bf40000 - 0x00007ffb5bf4a000 	C:\Program Files\Java\jdk-21.0.2\bin\management.dll
0x00007ffb5b940000 - 0x00007ffb5b94b000 	C:\Program Files\Java\jdk-21.0.2\bin\management_ext.dll
0x00007ffb74b40000 - 0x00007ffb74b48000 	C:\Windows\System32\PSAPI.DLL
0x00007ffb5c000000 - 0x00007ffb5c027000 	C:\Users\human-18\.gradle\native\1def1411415f61bf3af743bc5b6707747c0891f09f0c88961ee8f79bc544acac\windows-amd64\native-platform.dll
0x00007ffb5b980000 - 0x00007ffb5b98a000 	C:\Users\human-18\.gradle\native\jansi\1.18\windows64\jansi.dll

dbghelp: loaded successfully - version: 4.0.5 - missing functions: none
symbol engine: initialized successfully - sym options: 0x614 - pdb path: .;C:\Program Files\Java\jdk-21.0.2\bin;C:\Windows\SYSTEM32;C:\Windows\WinSxS\amd64_microsoft.windows.common-controls_6595b64144ccf1df_6.0.19041.6280_none_60bc30a171f2f3f3;C:\Program Files\Java\jdk-21.0.2\bin\server;C:\Users\human-18\.gradle\native\1def1411415f61bf3af743bc5b6707747c0891f09f0c88961ee8f79bc544acac\windows-amd64;C:\Users\human-18\.gradle\native\jansi\1.18\windows64

VM Arguments:
jvm_args: -Xmx64m -Xms64m -Dorg.gradle.appname=gradlew 
java_command: C:\Springboot\BookMarket\\gradle\wrapper\gradle-wrapper.jar test
java_class_path (initial): C:\Springboot\BookMarket\\gradle\wrapper\gradle-wrapper.jar
Launcher Type: SUN_STANDARD

[Global flags]
     intx CICompilerCount                          = 4                                         {product} {ergonomic}
     uint ConcGCThreads                            = 2                                         {product} {ergonomic}
     uint G1ConcRefinementThreads                  = 8                                         {product} {ergonomic}
   size_t G1HeapRegionSize                         = 1048576                                   {product} {ergonomic}
    uintx GCDrainStackTargetSize                   = 64                                        {product} {ergonomic}
   size_t InitialHeapSize                          = 67108864                                  {product} {command line}
   size_t MarkStackSize                            = 4194304                                   {product} {ergonomic}
   size_t MaxHeapSize                              = 67108864                                  {product} {command line}
   size_t MaxNewSize                               = 39845888                                  {product} {ergonomic}
   size_t MinHeapDeltaBytes                        = 1048576                                   {product} {ergonomic}
   size_t MinHeapSize                              = 67108864                                  {product} {command line}
    uintx NonNMethodCodeHeapSize                   = 5839372                                {pd product} {ergonomic}
    uintx NonProfiledCodeHeapSize                  = 122909434                              {pd product} {ergonomic}
    uintx ProfiledCodeHeapSize                     = 122909434                              {pd product} {ergonomic}
    uintx ReservedCodeCacheSize                    = 251658240                              {pd product} {ergonomic}
     bool SegmentedCodeCache                       = true                                      {product} {ergonomic}
   size_t SoftMaxHeapSize                          = 67108864                               {manageable} {ergonomic}
     bool UseCompressedOops                        = true                           {product lp64_product} {ergonomic}
     bool UseG1GC                                  = true                                      {product} {ergonomic}
     bool UseLargePagesIndividualAllocation        = false                                  {pd product} {ergonomic}

Logging:
Log output configuration:
 #0: stdout all=warning uptime,level,tags foldmultilines=false
 #1: stderr all=off uptime,level,tags foldmultilines=false

Environment Variables:
JAVA_HOME=C:\Program Files\Java\jdk-21.0.2
PATH=C:\Oracle19c-X64\bin;C:\Windows\system32;C:\Windows;C:\Windows\System32\Wbem;C:\Windows\System32\WindowsPowerShell\v1.0\;C:\Windows\System32\OpenSSH\;C:\Program Files\Bandizip\;C:\Program Files\Git\cmd;C:\Program Files\TortoiseGit\bin;C:\Users\human-18\AppData\Local\Programs\Python\Launcher\;C:\Users\human-18\anaconda3;C:\Users\human-18\anaconda3\Library\mingw-w64\bin;C:\Users\human-18\anaconda3\Library\usr\bin;C:\Users\human-18\anaconda3\Library\bin;C:\Users\human-18\anaconda3\Scripts;C:\Users\human-18\AppData\Local\Microsoft\WindowsApps;C:\Program Files\Java\jdk-21.0.2\bin;C:\Users\human-18\AppData\Local\Programs\Microsoft VS Code\bin;C:\Program Files\JetBrains\IntelliJ IDEA Community Edition 2022.3.3\bin;;C:\Users\human-18\AppData\Local\Programs\cursor\resources\app\bin
USERNAME=human-18
LANG=en_US.UTF-8
OS=Windows_NT
PROCESSOR_IDENTIFIER=Intel64 Family 6 Model 60 Stepping 3, GenuineIntel
TMP=C:\Users\human-18\AppData\Local\Temp
TEMP=C:\Users\human-18\AppData\Local\Temp




Periodic native trim disabled

---------------  S Y S T E M  ---------------

OS:
 Windows 10 , 64 bit Build 19041 (10.0.19041.5915)
OS uptime: 12 days 18:10 hours

CPU: total 8 (initial active 8) (4 cores per cpu, 2 threads per core) family 6 model 60 stepping 3 microcode 0x27, cx8, cmov, fxsr, ht, mmx, sse, sse2, sse3, ssse3, sse4.1, sse4.2, popcnt, lzcnt, tsc, tscinvbit, avx, avx2, aes, erms, clmul, bmi1, bmi2, fma, vzeroupper, clflush, rdtscp, f16c
Processor Information for all 8 processors :
  Max Mhz: 3401, Current Mhz: 3401, Mhz Limit: 3401

Memory: 4k page, system-wide physical 16255M (365M free)
TotalPageFile size 31439M (AvailPageFile size 4M)
current process WorkingSet (physical memory assigned to process): 84M, peak: 84M
current process commit charge ("private bytes"): 163M, peak: 164M

vm_info: OpenJDK 64-Bit Server VM (21.0.2+13-58) for windows-amd64 JRE (21.0.2+13-58), built on 2024-01-05T18:32:24Z by "mach5one" with MS VC++ 17.1 (VS2022)

END.
