#
# There is insufficient memory for the Java Runtime Environment to continue.
# Native memory allocation (malloc) failed to allocate 592496 bytes for Chunk::new
# Possible reasons:
#   The system is out of physical RAM or swap space
#   The process is running with CompressedOops enabled, and the Java Heap may be blocking the growth of the native heap
# Possible solutions:
#   Reduce memory load on the system
#   Increase physical memory or swap space
#   Check if swap backing store is full
#   Decrease Java heap size (-Xmx/-Xms)
#   Decrease number of Java threads
#   Decrease Java thread stack sizes (-Xss)
#   Set larger code cache with -XX:ReservedCodeCacheSize=
#   JVM is running with Zero Based Compressed Oops mode in which the Java heap is
#     placed in the first 32GB address space. The Java Heap base address is the
#     maximum limit for the native heap growth. Please use -XX:HeapBaseMinAddress
#     to set the Java Heap base and to place the Java Heap above 32GB virtual address.
# This output file may be truncated or incomplete.
#
#  Out of Memory Error (arena.cpp:168), pid=15852, tid=10488
#
# JRE version: OpenJDK Runtime Environment (21.0.2+13) (build 21.0.2+13-58)
# Java VM: OpenJDK 64-Bit Server VM (21.0.2+13-58, mixed mode, sharing, tiered, compressed oops, compressed class ptrs, g1 gc, windows-amd64)
# No core dump will be written. Minidumps are not enabled by default on client versions of Windows
#

---------------  S U M M A R Y ------------

Command Line: -Dnet.bytebuddy.agent.attacher.dump= net.bytebuddy.agent.Attacher com.sun.tools.attach.VirtualMachine 23832 C:\Users\human-18\.gradle\caches\modules-2\files-2.1\net.bytebuddy\byte-buddy-agent\1.15.11\a38b16385e867f59a641330f0362ebe742788ed8\byte-buddy-agent-1.15.11.jar false 

Host: Intel(R) Core(TM) i7-4770 CPU @ 3.40GHz, 8 cores, 15G,  Windows 10 , 64 bit Build 19041 (10.0.19041.5915)
Time: Tue Sep 23 12:01:47 2025  Windows 10 , 64 bit Build 19041 (10.0.19041.5915) elapsed time: 0.159596 seconds (0d 0h 0m 0s)

---------------  T H R E A D  ---------------

Current thread (0x00000292cd8cf880):  JavaThread "C2 CompilerThread0" daemon [_thread_in_native, id=10488, stack(0x0000009e1ff00000,0x0000009e20000000) (1024K)]


Current CompileTask:
C2:    159  339       4       java.io.StreamTokenizer::nextToken (1266 bytes)

Stack: [0x0000009e1ff00000,0x0000009e20000000]
Native frames: (J=compiled Java code, j=interpreted, Vv=VM code, C=native code)
V  [jvm.dll+0x6cade9]
V  [jvm.dll+0x8569c1]
V  [jvm.dll+0x858d2e]
V  [jvm.dll+0x859413]
V  [jvm.dll+0x280e56]
V  [jvm.dll+0xc3f3d]
V  [jvm.dll+0xc4473]
V  [jvm.dll+0x3b5bf2]
V  [jvm.dll+0x382855]
V  [jvm.dll+0x381cca]
V  [jvm.dll+0x249bd0]
V  [jvm.dll+0x2491b1]
V  [jvm.dll+0x1c9634]
V  [jvm.dll+0x258859]
V  [jvm.dll+0x256e3a]
V  [jvm.dll+0x3ef6c6]
V  [jvm.dll+0x7ff568]
V  [jvm.dll+0x6c953d]
C  [ucrtbase.dll+0x21bb2]
C  [KERNEL32.DLL+0x17374]
C  [ntdll.dll+0x4cc91]


---------------  P R O C E S S  ---------------

Threads class SMR info:
_java_thread_list=0x00000292cdb1f340, length=11, elements={
0x00000292cd8bcd40, 0x00000292cd8bfd20, 0x00000292cd8c4c70, 0x00000292cd8c5880,
0x00000292cd8c6a80, 0x00000292cd8cae50, 0x00000292cd8cf880, 0x00000292cd8d0ac0,
0x00000292cdacef10, 0x00000292cdad5760, 0x00000292ac63fab0
}

Java Threads: ( => current thread )
  0x00000292cd8bcd40 JavaThread "Reference Handler"          daemon [_thread_blocked, id=5344, stack(0x0000009e1f900000,0x0000009e1fa00000) (1024K)]
  0x00000292cd8bfd20 JavaThread "Finalizer"                  daemon [_thread_blocked, id=17028, stack(0x0000009e1fa00000,0x0000009e1fb00000) (1024K)]
  0x00000292cd8c4c70 JavaThread "Signal Dispatcher"          daemon [_thread_blocked, id=17884, stack(0x0000009e1fb00000,0x0000009e1fc00000) (1024K)]
  0x00000292cd8c5880 JavaThread "Attach Listener"            daemon [_thread_blocked, id=6952, stack(0x0000009e1fc00000,0x0000009e1fd00000) (1024K)]
  0x00000292cd8c6a80 JavaThread "Service Thread"             daemon [_thread_blocked, id=23980, stack(0x0000009e1fd00000,0x0000009e1fe00000) (1024K)]
  0x00000292cd8cae50 JavaThread "Monitor Deflation Thread"   daemon [_thread_blocked, id=19796, stack(0x0000009e1fe00000,0x0000009e1ff00000) (1024K)]
=>0x00000292cd8cf880 JavaThread "C2 CompilerThread0"         daemon [_thread_in_native, id=10488, stack(0x0000009e1ff00000,0x0000009e20000000) (1024K)]
  0x00000292cd8d0ac0 JavaThread "C1 CompilerThread0"         daemon [_thread_blocked, id=6448, stack(0x0000009e20000000,0x0000009e20100000) (1024K)]
  0x00000292cdacef10 JavaThread "Notification Thread"        daemon [_thread_blocked, id=23028, stack(0x0000009e20100000,0x0000009e20200000) (1024K)]
  0x00000292cdad5760 JavaThread "Common-Cleaner"             daemon [_thread_blocked, id=4708, stack(0x0000009e20200000,0x0000009e20300000) (1024K)]
  0x00000292ac63fab0 JavaThread "DestroyJavaVM"                     [_thread_blocked, id=23656, stack(0x0000009e1f100000,0x0000009e1f200000) (1024K)]
Total: 11

Other Threads:
  0x00000292cd89a710 VMThread "VM Thread"                           [id=9432, stack(0x0000009e1f800000,0x0000009e1f900000) (1024K)]
  0x00000292cd8824c0 WatcherThread "VM Periodic Task Thread"        [id=24040, stack(0x0000009e1f700000,0x0000009e1f800000) (1024K)]
  0x00000292ae810820 WorkerThread "GC Thread#0"                     [id=4704, stack(0x0000009e1f200000,0x0000009e1f300000) (1024K)]
  0x00000292ae8217b0 ConcurrentGCThread "G1 Main Marker"            [id=21196, stack(0x0000009e1f300000,0x0000009e1f400000) (1024K)]
  0x00000292ae822c00 WorkerThread "G1 Conc#0"                       [id=24036, stack(0x0000009e1f400000,0x0000009e1f500000) (1024K)]
  0x00000292ae87e7f0 ConcurrentGCThread "G1 Refine#0"               [id=8016, stack(0x0000009e1f500000,0x0000009e1f600000) (1024K)]
  0x00000292cd7588f0 ConcurrentGCThread "G1 Service"                [id=3184, stack(0x0000009e1f600000,0x0000009e1f700000) (1024K)]
Total: 7

Threads with active compile tasks:
C2 CompilerThread0      186  339       4       java.io.StreamTokenizer::nextToken (1266 bytes)
Total: 1

VM state: not at safepoint (normal execution)

VM Mutex/Monitor currently owned by a thread: None

Heap address: 0x0000000702000000, size: 4064 MB, Compressed Oops mode: Zero based, Oop shift amount: 3

CDS archive(s) mapped at: [0x00000292ce000000-0x00000292cec90000-0x00000292cec90000), size 13172736, SharedBaseAddress: 0x00000292ce000000, ArchiveRelocationMode: 1.
Compressed class space mapped at: 0x00000292cf000000-0x000002930f000000, reserved size: 1073741824
Narrow klass base: 0x00000292ce000000, Narrow klass shift: 0, Narrow klass range: 0x100000000

GC Precious Log:
 CardTable entry size: 512
 Card Set container configuration: InlinePtr #cards 4 size 8 Array Of Cards #cards 16 size 48 Howl #buckets 8 coarsen threshold 3686 Howl Bitmap #cards 512 size 80 coarsen threshold 460 Card regions per heap region 1 cards per card region 4096
 CPUs: 8 total, 8 available
 Memory: 16255M
 Large Page Support: Disabled
 NUMA Support: Disabled
 Compressed Oops: Enabled (Zero based)
 Heap Region Size: 2M
 Heap Min Capacity: 8M
 Heap Initial Capacity: 254M
 Heap Max Capacity: 4064M
 Pre-touch: Disabled
 Parallel Workers: 8
 Concurrent Workers: 2
 Concurrent Refinement Workers: 8
 Periodic GC: Disabled

Heap:
 garbage-first heap   total 260096K, used 4096K [0x0000000702000000, 0x0000000800000000)
  region size 2048K, 3 young (6144K), 0 survivors (0K)
 Metaspace       used 1200K, committed 1344K, reserved 1114112K
  class space    used 122K, committed 192K, reserved 1048576K

Heap Regions: E=young(eden), S=young(survivor), O=old, HS=humongous(starts), HC=humongous(continues), CS=collection set, F=free, TAMS=top-at-mark-start, PB=parsable bottom
|   0|0x0000000702000000, 0x0000000702000000, 0x0000000702200000|  0%| F|  |TAMS 0x0000000702000000| PB 0x0000000702000000| Untracked 
|   1|0x0000000702200000, 0x0000000702200000, 0x0000000702400000|  0%| F|  |TAMS 0x0000000702200000| PB 0x0000000702200000| Untracked 
|   2|0x0000000702400000, 0x0000000702400000, 0x0000000702600000|  0%| F|  |TAMS 0x0000000702400000| PB 0x0000000702400000| Untracked 
|   3|0x0000000702600000, 0x0000000702600000, 0x0000000702800000|  0%| F|  |TAMS 0x0000000702600000| PB 0x0000000702600000| Untracked 
|   4|0x0000000702800000, 0x0000000702800000, 0x0000000702a00000|  0%| F|  |TAMS 0x0000000702800000| PB 0x0000000702800000| Untracked 
|   5|0x0000000702a00000, 0x0000000702a00000, 0x0000000702c00000|  0%| F|  |TAMS 0x0000000702a00000| PB 0x0000000702a00000| Untracked 
|   6|0x0000000702c00000, 0x0000000702c00000, 0x0000000702e00000|  0%| F|  |TAMS 0x0000000702c00000| PB 0x0000000702c00000| Untracked 
|   7|0x0000000702e00000, 0x0000000702e00000, 0x0000000703000000|  0%| F|  |TAMS 0x0000000702e00000| PB 0x0000000702e00000| Untracked 
|   8|0x0000000703000000, 0x0000000703000000, 0x0000000703200000|  0%| F|  |TAMS 0x0000000703000000| PB 0x0000000703000000| Untracked 
|   9|0x0000000703200000, 0x0000000703200000, 0x0000000703400000|  0%| F|  |TAMS 0x0000000703200000| PB 0x0000000703200000| Untracked 
|  10|0x0000000703400000, 0x0000000703400000, 0x0000000703600000|  0%| F|  |TAMS 0x0000000703400000| PB 0x0000000703400000| Untracked 
|  11|0x0000000703600000, 0x0000000703600000, 0x0000000703800000|  0%| F|  |TAMS 0x0000000703600000| PB 0x0000000703600000| Untracked 
|  12|0x0000000703800000, 0x0000000703800000, 0x0000000703a00000|  0%| F|  |TAMS 0x0000000703800000| PB 0x0000000703800000| Untracked 
|  13|0x0000000703a00000, 0x0000000703a00000, 0x0000000703c00000|  0%| F|  |TAMS 0x0000000703a00000| PB 0x0000000703a00000| Untracked 
|  14|0x0000000703c00000, 0x0000000703c00000, 0x0000000703e00000|  0%| F|  |TAMS 0x0000000703c00000| PB 0x0000000703c00000| Untracked 
|  15|0x0000000703e00000, 0x0000000703e00000, 0x0000000704000000|  0%| F|  |TAMS 0x0000000703e00000| PB 0x0000000703e00000| Untracked 
|  16|0x0000000704000000, 0x0000000704000000, 0x0000000704200000|  0%| F|  |TAMS 0x0000000704000000| PB 0x0000000704000000| Untracked 
|  17|0x0000000704200000, 0x0000000704200000, 0x0000000704400000|  0%| F|  |TAMS 0x0000000704200000| PB 0x0000000704200000| Untracked 
|  18|0x0000000704400000, 0x0000000704400000, 0x0000000704600000|  0%| F|  |TAMS 0x0000000704400000| PB 0x0000000704400000| Untracked 
|  19|0x0000000704600000, 0x0000000704600000, 0x0000000704800000|  0%| F|  |TAMS 0x0000000704600000| PB 0x0000000704600000| Untracked 
|  20|0x0000000704800000, 0x0000000704800000, 0x0000000704a00000|  0%| F|  |TAMS 0x0000000704800000| PB 0x0000000704800000| Untracked 
|  21|0x0000000704a00000, 0x0000000704a00000, 0x0000000704c00000|  0%| F|  |TAMS 0x0000000704a00000| PB 0x0000000704a00000| Untracked 
|  22|0x0000000704c00000, 0x0000000704c00000, 0x0000000704e00000|  0%| F|  |TAMS 0x0000000704c00000| PB 0x0000000704c00000| Untracked 
|  23|0x0000000704e00000, 0x0000000704e00000, 0x0000000705000000|  0%| F|  |TAMS 0x0000000704e00000| PB 0x0000000704e00000| Untracked 
|  24|0x0000000705000000, 0x0000000705000000, 0x0000000705200000|  0%| F|  |TAMS 0x0000000705000000| PB 0x0000000705000000| Untracked 
|  25|0x0000000705200000, 0x0000000705200000, 0x0000000705400000|  0%| F|  |TAMS 0x0000000705200000| PB 0x0000000705200000| Untracked 
|  26|0x0000000705400000, 0x0000000705400000, 0x0000000705600000|  0%| F|  |TAMS 0x0000000705400000| PB 0x0000000705400000| Untracked 
|  27|0x0000000705600000, 0x0000000705600000, 0x0000000705800000|  0%| F|  |TAMS 0x0000000705600000| PB 0x0000000705600000| Untracked 
|  28|0x0000000705800000, 0x0000000705800000, 0x0000000705a00000|  0%| F|  |TAMS 0x0000000705800000| PB 0x0000000705800000| Untracked 
|  29|0x0000000705a00000, 0x0000000705a00000, 0x0000000705c00000|  0%| F|  |TAMS 0x0000000705a00000| PB 0x0000000705a00000| Untracked 
|  30|0x0000000705c00000, 0x0000000705c00000, 0x0000000705e00000|  0%| F|  |TAMS 0x0000000705c00000| PB 0x0000000705c00000| Untracked 
|  31|0x0000000705e00000, 0x0000000705e00000, 0x0000000706000000|  0%| F|  |TAMS 0x0000000705e00000| PB 0x0000000705e00000| Untracked 
|  32|0x0000000706000000, 0x0000000706000000, 0x0000000706200000|  0%| F|  |TAMS 0x0000000706000000| PB 0x0000000706000000| Untracked 
|  33|0x0000000706200000, 0x0000000706200000, 0x0000000706400000|  0%| F|  |TAMS 0x0000000706200000| PB 0x0000000706200000| Untracked 
|  34|0x0000000706400000, 0x0000000706400000, 0x0000000706600000|  0%| F|  |TAMS 0x0000000706400000| PB 0x0000000706400000| Untracked 
|  35|0x0000000706600000, 0x0000000706600000, 0x0000000706800000|  0%| F|  |TAMS 0x0000000706600000| PB 0x0000000706600000| Untracked 
|  36|0x0000000706800000, 0x0000000706800000, 0x0000000706a00000|  0%| F|  |TAMS 0x0000000706800000| PB 0x0000000706800000| Untracked 
|  37|0x0000000706a00000, 0x0000000706a00000, 0x0000000706c00000|  0%| F|  |TAMS 0x0000000706a00000| PB 0x0000000706a00000| Untracked 
|  38|0x0000000706c00000, 0x0000000706c00000, 0x0000000706e00000|  0%| F|  |TAMS 0x0000000706c00000| PB 0x0000000706c00000| Untracked 
|  39|0x0000000706e00000, 0x0000000706e00000, 0x0000000707000000|  0%| F|  |TAMS 0x0000000706e00000| PB 0x0000000706e00000| Untracked 
|  40|0x0000000707000000, 0x0000000707000000, 0x0000000707200000|  0%| F|  |TAMS 0x0000000707000000| PB 0x0000000707000000| Untracked 
|  41|0x0000000707200000, 0x0000000707200000, 0x0000000707400000|  0%| F|  |TAMS 0x0000000707200000| PB 0x0000000707200000| Untracked 
|  42|0x0000000707400000, 0x0000000707400000, 0x0000000707600000|  0%| F|  |TAMS 0x0000000707400000| PB 0x0000000707400000| Untracked 
|  43|0x0000000707600000, 0x0000000707600000, 0x0000000707800000|  0%| F|  |TAMS 0x0000000707600000| PB 0x0000000707600000| Untracked 
|  44|0x0000000707800000, 0x0000000707800000, 0x0000000707a00000|  0%| F|  |TAMS 0x0000000707800000| PB 0x0000000707800000| Untracked 
|  45|0x0000000707a00000, 0x0000000707a00000, 0x0000000707c00000|  0%| F|  |TAMS 0x0000000707a00000| PB 0x0000000707a00000| Untracked 
|  46|0x0000000707c00000, 0x0000000707c00000, 0x0000000707e00000|  0%| F|  |TAMS 0x0000000707c00000| PB 0x0000000707c00000| Untracked 
|  47|0x0000000707e00000, 0x0000000707e00000, 0x0000000708000000|  0%| F|  |TAMS 0x0000000707e00000| PB 0x0000000707e00000| Untracked 
|  48|0x0000000708000000, 0x0000000708000000, 0x0000000708200000|  0%| F|  |TAMS 0x0000000708000000| PB 0x0000000708000000| Untracked 
|  49|0x0000000708200000, 0x0000000708200000, 0x0000000708400000|  0%| F|  |TAMS 0x0000000708200000| PB 0x0000000708200000| Untracked 
|  50|0x0000000708400000, 0x0000000708400000, 0x0000000708600000|  0%| F|  |TAMS 0x0000000708400000| PB 0x0000000708400000| Untracked 
|  51|0x0000000708600000, 0x0000000708600000, 0x0000000708800000|  0%| F|  |TAMS 0x0000000708600000| PB 0x0000000708600000| Untracked 
|  52|0x0000000708800000, 0x0000000708800000, 0x0000000708a00000|  0%| F|  |TAMS 0x0000000708800000| PB 0x0000000708800000| Untracked 
|  53|0x0000000708a00000, 0x0000000708a00000, 0x0000000708c00000|  0%| F|  |TAMS 0x0000000708a00000| PB 0x0000000708a00000| Untracked 
|  54|0x0000000708c00000, 0x0000000708c00000, 0x0000000708e00000|  0%| F|  |TAMS 0x0000000708c00000| PB 0x0000000708c00000| Untracked 
|  55|0x0000000708e00000, 0x0000000708e00000, 0x0000000709000000|  0%| F|  |TAMS 0x0000000708e00000| PB 0x0000000708e00000| Untracked 
|  56|0x0000000709000000, 0x0000000709000000, 0x0000000709200000|  0%| F|  |TAMS 0x0000000709000000| PB 0x0000000709000000| Untracked 
|  57|0x0000000709200000, 0x0000000709200000, 0x0000000709400000|  0%| F|  |TAMS 0x0000000709200000| PB 0x0000000709200000| Untracked 
|  58|0x0000000709400000, 0x0000000709400000, 0x0000000709600000|  0%| F|  |TAMS 0x0000000709400000| PB 0x0000000709400000| Untracked 
|  59|0x0000000709600000, 0x0000000709600000, 0x0000000709800000|  0%| F|  |TAMS 0x0000000709600000| PB 0x0000000709600000| Untracked 
|  60|0x0000000709800000, 0x0000000709800000, 0x0000000709a00000|  0%| F|  |TAMS 0x0000000709800000| PB 0x0000000709800000| Untracked 
|  61|0x0000000709a00000, 0x0000000709a00000, 0x0000000709c00000|  0%| F|  |TAMS 0x0000000709a00000| PB 0x0000000709a00000| Untracked 
|  62|0x0000000709c00000, 0x0000000709c00000, 0x0000000709e00000|  0%| F|  |TAMS 0x0000000709c00000| PB 0x0000000709c00000| Untracked 
|  63|0x0000000709e00000, 0x0000000709e00000, 0x000000070a000000|  0%| F|  |TAMS 0x0000000709e00000| PB 0x0000000709e00000| Untracked 
|  64|0x000000070a000000, 0x000000070a000000, 0x000000070a200000|  0%| F|  |TAMS 0x000000070a000000| PB 0x000000070a000000| Untracked 
|  65|0x000000070a200000, 0x000000070a200000, 0x000000070a400000|  0%| F|  |TAMS 0x000000070a200000| PB 0x000000070a200000| Untracked 
|  66|0x000000070a400000, 0x000000070a400000, 0x000000070a600000|  0%| F|  |TAMS 0x000000070a400000| PB 0x000000070a400000| Untracked 
|  67|0x000000070a600000, 0x000000070a600000, 0x000000070a800000|  0%| F|  |TAMS 0x000000070a600000| PB 0x000000070a600000| Untracked 
|  68|0x000000070a800000, 0x000000070a800000, 0x000000070aa00000|  0%| F|  |TAMS 0x000000070a800000| PB 0x000000070a800000| Untracked 
|  69|0x000000070aa00000, 0x000000070aa00000, 0x000000070ac00000|  0%| F|  |TAMS 0x000000070aa00000| PB 0x000000070aa00000| Untracked 
|  70|0x000000070ac00000, 0x000000070ac00000, 0x000000070ae00000|  0%| F|  |TAMS 0x000000070ac00000| PB 0x000000070ac00000| Untracked 
|  71|0x000000070ae00000, 0x000000070ae00000, 0x000000070b000000|  0%| F|  |TAMS 0x000000070ae00000| PB 0x000000070ae00000| Untracked 
|  72|0x000000070b000000, 0x000000070b000000, 0x000000070b200000|  0%| F|  |TAMS 0x000000070b000000| PB 0x000000070b000000| Untracked 
|  73|0x000000070b200000, 0x000000070b200000, 0x000000070b400000|  0%| F|  |TAMS 0x000000070b200000| PB 0x000000070b200000| Untracked 
|  74|0x000000070b400000, 0x000000070b400000, 0x000000070b600000|  0%| F|  |TAMS 0x000000070b400000| PB 0x000000070b400000| Untracked 
|  75|0x000000070b600000, 0x000000070b600000, 0x000000070b800000|  0%| F|  |TAMS 0x000000070b600000| PB 0x000000070b600000| Untracked 
|  76|0x000000070b800000, 0x000000070b800000, 0x000000070ba00000|  0%| F|  |TAMS 0x000000070b800000| PB 0x000000070b800000| Untracked 
|  77|0x000000070ba00000, 0x000000070ba00000, 0x000000070bc00000|  0%| F|  |TAMS 0x000000070ba00000| PB 0x000000070ba00000| Untracked 
|  78|0x000000070bc00000, 0x000000070bc00000, 0x000000070be00000|  0%| F|  |TAMS 0x000000070bc00000| PB 0x000000070bc00000| Untracked 
|  79|0x000000070be00000, 0x000000070be00000, 0x000000070c000000|  0%| F|  |TAMS 0x000000070be00000| PB 0x000000070be00000| Untracked 
|  80|0x000000070c000000, 0x000000070c000000, 0x000000070c200000|  0%| F|  |TAMS 0x000000070c000000| PB 0x000000070c000000| Untracked 
|  81|0x000000070c200000, 0x000000070c200000, 0x000000070c400000|  0%| F|  |TAMS 0x000000070c200000| PB 0x000000070c200000| Untracked 
|  82|0x000000070c400000, 0x000000070c400000, 0x000000070c600000|  0%| F|  |TAMS 0x000000070c400000| PB 0x000000070c400000| Untracked 
|  83|0x000000070c600000, 0x000000070c600000, 0x000000070c800000|  0%| F|  |TAMS 0x000000070c600000| PB 0x000000070c600000| Untracked 
|  84|0x000000070c800000, 0x000000070c800000, 0x000000070ca00000|  0%| F|  |TAMS 0x000000070c800000| PB 0x000000070c800000| Untracked 
|  85|0x000000070ca00000, 0x000000070ca00000, 0x000000070cc00000|  0%| F|  |TAMS 0x000000070ca00000| PB 0x000000070ca00000| Untracked 
|  86|0x000000070cc00000, 0x000000070cc00000, 0x000000070ce00000|  0%| F|  |TAMS 0x000000070cc00000| PB 0x000000070cc00000| Untracked 
|  87|0x000000070ce00000, 0x000000070ce00000, 0x000000070d000000|  0%| F|  |TAMS 0x000000070ce00000| PB 0x000000070ce00000| Untracked 
|  88|0x000000070d000000, 0x000000070d000000, 0x000000070d200000|  0%| F|  |TAMS 0x000000070d000000| PB 0x000000070d000000| Untracked 
|  89|0x000000070d200000, 0x000000070d200000, 0x000000070d400000|  0%| F|  |TAMS 0x000000070d200000| PB 0x000000070d200000| Untracked 
|  90|0x000000070d400000, 0x000000070d400000, 0x000000070d600000|  0%| F|  |TAMS 0x000000070d400000| PB 0x000000070d400000| Untracked 
|  91|0x000000070d600000, 0x000000070d600000, 0x000000070d800000|  0%| F|  |TAMS 0x000000070d600000| PB 0x000000070d600000| Untracked 
|  92|0x000000070d800000, 0x000000070d800000, 0x000000070da00000|  0%| F|  |TAMS 0x000000070d800000| PB 0x000000070d800000| Untracked 
|  93|0x000000070da00000, 0x000000070da00000, 0x000000070dc00000|  0%| F|  |TAMS 0x000000070da00000| PB 0x000000070da00000| Untracked 
|  94|0x000000070dc00000, 0x000000070dc00000, 0x000000070de00000|  0%| F|  |TAMS 0x000000070dc00000| PB 0x000000070dc00000| Untracked 
|  95|0x000000070de00000, 0x000000070de00000, 0x000000070e000000|  0%| F|  |TAMS 0x000000070de00000| PB 0x000000070de00000| Untracked 
|  96|0x000000070e000000, 0x000000070e000000, 0x000000070e200000|  0%| F|  |TAMS 0x000000070e000000| PB 0x000000070e000000| Untracked 
|  97|0x000000070e200000, 0x000000070e200000, 0x000000070e400000|  0%| F|  |TAMS 0x000000070e200000| PB 0x000000070e200000| Untracked 
|  98|0x000000070e400000, 0x000000070e400000, 0x000000070e600000|  0%| F|  |TAMS 0x000000070e400000| PB 0x000000070e400000| Untracked 
|  99|0x000000070e600000, 0x000000070e600000, 0x000000070e800000|  0%| F|  |TAMS 0x000000070e600000| PB 0x000000070e600000| Untracked 
| 100|0x000000070e800000, 0x000000070e800000, 0x000000070ea00000|  0%| F|  |TAMS 0x000000070e800000| PB 0x000000070e800000| Untracked 
| 101|0x000000070ea00000, 0x000000070ea00000, 0x000000070ec00000|  0%| F|  |TAMS 0x000000070ea00000| PB 0x000000070ea00000| Untracked 
| 102|0x000000070ec00000, 0x000000070ec00000, 0x000000070ee00000|  0%| F|  |TAMS 0x000000070ec00000| PB 0x000000070ec00000| Untracked 
| 103|0x000000070ee00000, 0x000000070ee00000, 0x000000070f000000|  0%| F|  |TAMS 0x000000070ee00000| PB 0x000000070ee00000| Untracked 
| 104|0x000000070f000000, 0x000000070f000000, 0x000000070f200000|  0%| F|  |TAMS 0x000000070f000000| PB 0x000000070f000000| Untracked 
| 105|0x000000070f200000, 0x000000070f200000, 0x000000070f400000|  0%| F|  |TAMS 0x000000070f200000| PB 0x000000070f200000| Untracked 
| 106|0x000000070f400000, 0x000000070f400000, 0x000000070f600000|  0%| F|  |TAMS 0x000000070f400000| PB 0x000000070f400000| Untracked 
| 107|0x000000070f600000, 0x000000070f600000, 0x000000070f800000|  0%| F|  |TAMS 0x000000070f600000| PB 0x000000070f600000| Untracked 
| 108|0x000000070f800000, 0x000000070f800000, 0x000000070fa00000|  0%| F|  |TAMS 0x000000070f800000| PB 0x000000070f800000| Untracked 
| 109|0x000000070fa00000, 0x000000070fa00000, 0x000000070fc00000|  0%| F|  |TAMS 0x000000070fa00000| PB 0x000000070fa00000| Untracked 
| 110|0x000000070fc00000, 0x000000070fc00000, 0x000000070fe00000|  0%| F|  |TAMS 0x000000070fc00000| PB 0x000000070fc00000| Untracked 
| 111|0x000000070fe00000, 0x000000070fe00000, 0x0000000710000000|  0%| F|  |TAMS 0x000000070fe00000| PB 0x000000070fe00000| Untracked 
| 112|0x0000000710000000, 0x0000000710000000, 0x0000000710200000|  0%| F|  |TAMS 0x0000000710000000| PB 0x0000000710000000| Untracked 
| 113|0x0000000710200000, 0x0000000710200000, 0x0000000710400000|  0%| F|  |TAMS 0x0000000710200000| PB 0x0000000710200000| Untracked 
| 114|0x0000000710400000, 0x0000000710400000, 0x0000000710600000|  0%| F|  |TAMS 0x0000000710400000| PB 0x0000000710400000| Untracked 
| 115|0x0000000710600000, 0x0000000710600000, 0x0000000710800000|  0%| F|  |TAMS 0x0000000710600000| PB 0x0000000710600000| Untracked 
| 116|0x0000000710800000, 0x0000000710800000, 0x0000000710a00000|  0%| F|  |TAMS 0x0000000710800000| PB 0x0000000710800000| Untracked 
| 117|0x0000000710a00000, 0x0000000710a00000, 0x0000000710c00000|  0%| F|  |TAMS 0x0000000710a00000| PB 0x0000000710a00000| Untracked 
| 118|0x0000000710c00000, 0x0000000710c00000, 0x0000000710e00000|  0%| F|  |TAMS 0x0000000710c00000| PB 0x0000000710c00000| Untracked 
| 119|0x0000000710e00000, 0x0000000710e00000, 0x0000000711000000|  0%| F|  |TAMS 0x0000000710e00000| PB 0x0000000710e00000| Untracked 
| 120|0x0000000711000000, 0x0000000711000000, 0x0000000711200000|  0%| F|  |TAMS 0x0000000711000000| PB 0x0000000711000000| Untracked 
| 121|0x0000000711200000, 0x0000000711200000, 0x0000000711400000|  0%| F|  |TAMS 0x0000000711200000| PB 0x0000000711200000| Untracked 
| 122|0x0000000711400000, 0x0000000711400000, 0x0000000711600000|  0%| F|  |TAMS 0x0000000711400000| PB 0x0000000711400000| Untracked 
| 123|0x0000000711600000, 0x0000000711600000, 0x0000000711800000|  0%| F|  |TAMS 0x0000000711600000| PB 0x0000000711600000| Untracked 
| 124|0x0000000711800000, 0x0000000711800800, 0x0000000711a00000|  0%| E|  |TAMS 0x0000000711800000| PB 0x0000000711800000| Complete 
| 125|0x0000000711a00000, 0x0000000711c00000, 0x0000000711c00000|100%| E|CS|TAMS 0x0000000711a00000| PB 0x0000000711a00000| Complete 
| 126|0x0000000711c00000, 0x0000000711e00000, 0x0000000711e00000|100%| E|CS|TAMS 0x0000000711c00000| PB 0x0000000711c00000| Complete 

Card table byte_map: [0x00000292c6730000,0x00000292c6f20000] _byte_map_base: 0x00000292c2f20000

Marking Bits: (CMBitMap*) 0x00000292ae810f20
 Bits: [0x00000292c6f20000, 0x00000292caea0000)

Polling page: 0x00000292ac740000

Metaspace:

Usage:
  Non-class:      1.05 MB used.
      Class:    122.34 KB used.
       Both:      1.17 MB used.

Virtual space:
  Non-class space:       64.00 MB reserved,       1.12 MB (  2%) committed,  1 nodes.
      Class space:        1.00 GB reserved,     192.00 KB ( <1%) committed,  1 nodes.
             Both:        1.06 GB reserved,       1.31 MB ( <1%) committed. 

Chunk freelists:
   Non-Class:  11.70 MB
       Class:  15.66 MB
        Both:  27.36 MB

MaxMetaspaceSize: unlimited
CompressedClassSpaceSize: 1.00 GB
Initial GC threshold: 21.00 MB
Current GC threshold: 21.00 MB
CDS: on
 - commit_granule_bytes: 65536.
 - commit_granule_words: 8192.
 - virtual_space_node_default_size: 8388608.
 - enlarge_chunks_in_place: 1.
 - use_allocation_guard: 0.


Internal statistics:

num_allocs_failed_limit: 0.
num_arena_births: 104.
num_arena_deaths: 0.
num_vsnodes_births: 2.
num_vsnodes_deaths: 0.
num_space_committed: 21.
num_space_uncommitted: 0.
num_chunks_returned_to_freelist: 0.
num_chunks_taken_from_freelist: 139.
num_chunk_merges: 0.
num_chunk_splits: 85.
num_chunks_enlarged: 38.
num_inconsistent_stats: 0.

CodeHeap 'non-profiled nmethods': size=120000Kb used=130Kb max_used=130Kb free=119869Kb
 bounds [0x00000292be6e0000, 0x00000292be950000, 0x00000292c5c10000]
CodeHeap 'profiled nmethods': size=120000Kb used=520Kb max_used=520Kb free=119479Kb
 bounds [0x00000292b6c10000, 0x00000292b6e80000, 0x00000292be140000]
CodeHeap 'non-nmethods': size=5760Kb used=1320Kb max_used=1320Kb free=4439Kb
 bounds [0x00000292be140000, 0x00000292be3b0000, 0x00000292be6e0000]
 total_blobs=844 nmethods=412 adapters=337
 compilation: enabled
              stopped_count=0, restarted_count=0
 full_count=0

Compilation events (20 events):
Event: 0.147 Thread 0x00000292cd8d0ac0 nmethod 397 0x00000292be6ffb10 code [0x00000292be6ffca0, 0x00000292be6ffd70]
Event: 0.147 Thread 0x00000292cd8d0ac0  406       3       jdk.internal.org.objectweb.asm.ByteVector::put11 (52 bytes)
Event: 0.148 Thread 0x00000292cd8d0ac0 nmethod 406 0x00000292b6c8c690 code [0x00000292b6c8c840, 0x00000292b6c8ca58]
Event: 0.148 Thread 0x00000292cd8d0ac0  407       3       jdk.internal.org.objectweb.asm.Type::getArgumentsAndReturnSizes (140 bytes)
Event: 0.149 Thread 0x00000292cd8d0ac0 nmethod 407 0x00000292b6c8cb90 code [0x00000292b6c8cf60, 0x00000292b6c8eb60]
Event: 0.149 Thread 0x00000292cd8d0ac0  408       3       java.util.ArrayList::add (25 bytes)
Event: 0.149 Thread 0x00000292cd8d0ac0 nmethod 408 0x00000292b6c8f610 code [0x00000292b6c8f7e0, 0x00000292b6c8fc10]
Event: 0.149 Thread 0x00000292cd8d0ac0  409       3       java.util.ArrayList::add (23 bytes)
Event: 0.149 Thread 0x00000292cd8d0ac0 nmethod 409 0x00000292b6c8fe10 code [0x00000292b6c8ffe0, 0x00000292b6c90390]
Event: 0.149 Thread 0x00000292cd8d0ac0  411       3       java.lang.invoke.MemberName::isResolved (13 bytes)
Event: 0.149 Thread 0x00000292cd8d0ac0 nmethod 411 0x00000292b6c90510 code [0x00000292b6c906a0, 0x00000292b6c90810]
Event: 0.149 Thread 0x00000292cd8d0ac0  412       3       java.util.AbstractList::<init> (10 bytes)
Event: 0.149 Thread 0x00000292cd8d0ac0 nmethod 412 0x00000292b6c90890 code [0x00000292b6c90a40, 0x00000292b6c90c10]
Event: 0.149 Thread 0x00000292cd8d0ac0  414       3       java.lang.invoke.LambdaForm$BasicType::basicTypeSlots (8 bytes)
Event: 0.149 Thread 0x00000292cd8d0ac0 nmethod 414 0x00000292b6c90d10 code [0x00000292b6c90ec0, 0x00000292b6c91038]
Event: 0.156 Thread 0x00000292cd8d0ac0  416       3       java.lang.invoke.MemberName::<init> (50 bytes)
Event: 0.156 Thread 0x00000292cd8d0ac0 nmethod 416 0x00000292b6c91110 code [0x00000292b6c91300, 0x00000292b6c91628]
Event: 0.157 Thread 0x00000292cd8d0ac0  418       3       java.lang.invoke.LambdaForm$Name::isParam (13 bytes)
Event: 0.157 Thread 0x00000292cd8d0ac0 nmethod 418 0x00000292b6c91790 code [0x00000292b6c91920, 0x00000292b6c91a90]
Event: 0.157 Thread 0x00000292cd8d0ac0  419       3       java.lang.invoke.MethodType::methodType (69 bytes)

GC Heap History (0 events):
No events

Dll operation events (7 events):
Event: 0.005 Loaded shared library C:\Program Files\Java\jdk-21.0.2\bin\java.dll
Event: 0.046 Loaded shared library C:\Program Files\Java\jdk-21.0.2\bin\jsvml.dll
Event: 0.065 Loaded shared library C:\Program Files\Java\jdk-21.0.2\bin\net.dll
Event: 0.067 Loaded shared library C:\Program Files\Java\jdk-21.0.2\bin\nio.dll
Event: 0.070 Loaded shared library C:\Program Files\Java\jdk-21.0.2\bin\zip.dll
Event: 0.073 Loaded shared library C:\Program Files\Java\jdk-21.0.2\bin\jimage.dll
Event: 0.087 Loaded shared library C:\Program Files\Java\jdk-21.0.2\bin\attach.dll

Deoptimization events (0 events):
No events

Classes loaded (20 events):
Event: 0.137 Loading class java/util/concurrent/SynchronousQueue
Event: 0.137 Loading class java/util/concurrent/BlockingQueue
Event: 0.137 Loading class java/util/concurrent/BlockingQueue done
Event: 0.137 Loading class java/util/AbstractQueue
Event: 0.137 Loading class java/util/AbstractQueue done
Event: 0.137 Loading class java/util/concurrent/SynchronousQueue done
Event: 0.137 Loading class java/util/concurrent/SynchronousQueue$Transferer
Event: 0.137 Loading class java/util/concurrent/LinkedTransferQueue
Event: 0.137 Loading class java/util/concurrent/TransferQueue
Event: 0.137 Loading class java/util/concurrent/TransferQueue done
Event: 0.137 Loading class java/util/concurrent/LinkedTransferQueue done
Event: 0.137 Loading class java/util/concurrent/SynchronousQueue$Transferer done
Event: 0.137 Loading class java/util/concurrent/LinkedTransferQueue$DualNode
Event: 0.137 Loading class java/util/concurrent/LinkedTransferQueue$DualNode done
Event: 0.138 Loading class java/lang/invoke/VarHandleInts$FieldInstanceReadWrite
Event: 0.138 Loading class java/lang/invoke/VarHandleInts$FieldInstanceReadOnly
Event: 0.138 Loading class java/lang/invoke/VarHandleInts$FieldInstanceReadOnly done
Event: 0.138 Loading class java/lang/invoke/VarHandleInts$FieldInstanceReadWrite done
Event: 0.155 Loading class java/lang/IndexOutOfBoundsException
Event: 0.155 Loading class java/lang/IndexOutOfBoundsException done

Classes unloaded (0 events):
No events

Classes redefined (0 events):
No events

Internal exceptions (12 events):
Event: 0.110 Thread 0x00000292ac63fab0 Exception <a 'java/lang/NoSuchMethodError'{0x0000000711aff990}: 'java.lang.Object java.lang.invoke.DirectMethodHandle$Holder.newInvokeSpecial(java.lang.Object, java.lang.Object, int)'> (0x0000000711aff990) 
thrown [s\open\src\hotspot\share\interpreter\linkResolver.cpp, line 773]
Event: 0.111 Thread 0x00000292ac63fab0 Exception <a 'java/lang/NoSuchMethodError'{0x0000000711b042d8}: 'int java.lang.invoke.DirectMethodHandle$Holder.invokeSpecial(java.lang.Object, java.lang.Object, java.lang.Object, int)'> (0x0000000711b042d8) 
thrown [s\open\src\hotspot\share\interpreter\linkResolver.cpp, line 773]
Event: 0.113 Thread 0x00000292ac63fab0 Exception <a 'java/lang/NoSuchMethodError'{0x0000000711b169b8}: 'java.lang.Object java.lang.invoke.DirectMethodHandle$Holder.invokeStatic(java.lang.Object, java.lang.Object, java.lang.Object, java.lang.Object, int)'> (0x0000000711b169b8) 
thrown [s\open\src\hotspot\share\interpreter\linkResolver.cpp, line 773]
Event: 0.115 Thread 0x00000292ac63fab0 Exception <a 'java/lang/NoSuchMethodError'{0x0000000711b22698}: 'int java.lang.invoke.DirectMethodHandle$Holder.invokeSpecial(java.lang.Object, java.lang.Object, java.lang.Object)'> (0x0000000711b22698) 
thrown [s\open\src\hotspot\share\interpreter\linkResolver.cpp, line 773]
Event: 0.135 Thread 0x00000292ac63fab0 Exception <a 'java/lang/NoSuchMethodError'{0x0000000711b71b40}: 'java.lang.Object java.lang.invoke.DirectMethodHandle$Holder.invokeStatic(java.lang.Object, long, java.lang.Object)'> (0x0000000711b71b40) 
thrown [s\open\src\hotspot\share\interpreter\linkResolver.cpp, line 773]
Event: 0.135 Thread 0x00000292ac63fab0 Exception <a 'java/lang/NoSuchMethodError'{0x0000000711b75018}: 'java.lang.Object java.lang.invoke.DirectMethodHandle$Holder.invokeStaticInit(java.lang.Object, long, java.lang.Object)'> (0x0000000711b75018) 
thrown [s\open\src\hotspot\share\interpreter\linkResolver.cpp, line 773]
Event: 0.136 Thread 0x00000292ac63fab0 Exception <a 'java/lang/NoSuchMethodError'{0x0000000711b7a5c8}: 'java.lang.Object java.lang.invoke.DirectMethodHandle$Holder.newInvokeSpecial(java.lang.Object, long)'> (0x0000000711b7a5c8) 
thrown [s\open\src\hotspot\share\interpreter\linkResolver.cpp, line 773]
Event: 0.139 Thread 0x00000292ac63fab0 Exception <a 'java/lang/NoSuchMethodError'{0x0000000711b82020}: 'void java.lang.invoke.DirectMethodHandle$Holder.invokeVirtual(java.lang.Object, java.lang.Object, java.lang.Object, java.lang.Object)'> (0x0000000711b82020) 
thrown [s\open\src\hotspot\share\interpreter\linkResolver.cpp, line 773]
Event: 0.140 Thread 0x00000292ac63fab0 Exception <a 'java/lang/NoSuchMethodError'{0x0000000711b85dc0}: 'void java.lang.invoke.DirectMethodHandle$Holder.invokeSpecial(java.lang.Object, java.lang.Object, java.lang.Object, java.lang.Object, java.lang.Object)'> (0x0000000711b85dc0) 
thrown [s\open\src\hotspot\share\interpreter\linkResolver.cpp, line 773]
Event: 0.142 Thread 0x00000292ac63fab0 Exception <a 'java/lang/NoSuchMethodError'{0x0000000711b94aa0}: 'java.lang.Object java.lang.invoke.Invokers$Holder.invokeExact_MT(java.lang.Object, java.lang.Object, java.lang.Object, java.lang.Object, java.lang.Object)'> (0x0000000711b94aa0) 
thrown [s\open\src\hotspot\share\interpreter\linkResolver.cpp, line 773]
Event: 0.156 Thread 0x00000292ac63fab0 Exception <a 'java/lang/NoSuchMethodError'{0x0000000711bce0a8}: 'void java.lang.invoke.DirectMethodHandle$Holder.invokeVirtual(java.lang.Object, java.lang.Object)'> (0x0000000711bce0a8) 
thrown [s\open\src\hotspot\share\interpreter\linkResolver.cpp, line 773]
Event: 0.156 Thread 0x00000292ac63fab0 Exception <a 'java/lang/NoSuchMethodError'{0x0000000711bd18e8}: 'void java.lang.invoke.DirectMethodHandle$Holder.invokeSpecial(java.lang.Object, java.lang.Object, java.lang.Object)'> (0x0000000711bd18e8) 
thrown [s\open\src\hotspot\share\interpreter\linkResolver.cpp, line 773]

ZGC Phase Switch (0 events):
No events

VM Operations (2 events):
Event: 0.070 Executing VM operation: HandshakeAllThreads (Deoptimize)
Event: 0.070 Executing VM operation: HandshakeAllThreads (Deoptimize) done

Events (11 events):
Event: 0.022 Thread 0x00000292ac63fab0 Thread added: 0x00000292ac63fab0
Event: 0.042 Thread 0x00000292cd8bcd40 Thread added: 0x00000292cd8bcd40
Event: 0.043 Thread 0x00000292cd8bfd20 Thread added: 0x00000292cd8bfd20
Event: 0.043 Thread 0x00000292cd8c4c70 Thread added: 0x00000292cd8c4c70
Event: 0.043 Thread 0x00000292cd8c5880 Thread added: 0x00000292cd8c5880
Event: 0.043 Thread 0x00000292cd8c6a80 Thread added: 0x00000292cd8c6a80
Event: 0.043 Thread 0x00000292cd8cae50 Thread added: 0x00000292cd8cae50
Event: 0.043 Thread 0x00000292cd8cf880 Thread added: 0x00000292cd8cf880
Event: 0.043 Thread 0x00000292cd8d0ac0 Thread added: 0x00000292cd8d0ac0
Event: 0.060 Thread 0x00000292cdacef10 Thread added: 0x00000292cdacef10
Event: 0.062 Thread 0x00000292cdad5760 Thread added: 0x00000292cdad5760


Dynamic libraries:
0x00007ff6754b0000 - 0x00007ff6754be000 	C:\Program Files\Java\jdk-21.0.2\bin\java.exe
0x00007ffb75090000 - 0x00007ffb75288000 	C:\Windows\SYSTEM32\ntdll.dll
0x00007ffb730c0000 - 0x00007ffb73182000 	C:\Windows\System32\KERNEL32.DLL
0x00007ffb72870000 - 0x00007ffb72b66000 	C:\Windows\System32\KERNELBASE.dll
0x00007ffb72e40000 - 0x00007ffb72f40000 	C:\Windows\System32\ucrtbase.dll
0x00007ffb5d630000 - 0x00007ffb5d64b000 	C:\Program Files\Java\jdk-21.0.2\bin\VCRUNTIME140.dll
0x00007ffb5d6e0000 - 0x00007ffb5d6f8000 	C:\Program Files\Java\jdk-21.0.2\bin\jli.dll
0x00007ffb740b0000 - 0x00007ffb7424d000 	C:\Windows\System32\USER32.dll
0x00007ffb72f40000 - 0x00007ffb72f62000 	C:\Windows\System32\win32u.dll
0x00007ffb676b0000 - 0x00007ffb6794b000 	C:\Windows\WinSxS\amd64_microsoft.windows.common-controls_6595b64144ccf1df_6.0.19041.6280_none_60bc30a171f2f3f3\COMCTL32.dll
0x00007ffb74f10000 - 0x00007ffb74f3b000 	C:\Windows\System32\GDI32.dll
0x00007ffb74f40000 - 0x00007ffb74fde000 	C:\Windows\System32\msvcrt.dll
0x00007ffb72fa0000 - 0x00007ffb730b9000 	C:\Windows\System32\gdi32full.dll
0x00007ffb72da0000 - 0x00007ffb72e3d000 	C:\Windows\System32\msvcp_win.dll
0x00007ffb74ee0000 - 0x00007ffb74f0f000 	C:\Windows\System32\IMM32.DLL
0x00007ffb6c4c0000 - 0x00007ffb6c4cc000 	C:\Program Files\Java\jdk-21.0.2\bin\vcruntime140_1.dll
0x00007ffb54070000 - 0x00007ffb540fe000 	C:\Program Files\Java\jdk-21.0.2\bin\msvcp140.dll
0x00007ffb20780000 - 0x00007ffb21497000 	C:\Program Files\Java\jdk-21.0.2\bin\server\jvm.dll
0x00007ffb73ff0000 - 0x00007ffb740a1000 	C:\Windows\System32\ADVAPI32.dll
0x00007ffb74e30000 - 0x00007ffb74ecf000 	C:\Windows\System32\sechost.dll
0x00007ffb74a20000 - 0x00007ffb74b40000 	C:\Windows\System32\RPCRT4.dll
0x00007ffb72f70000 - 0x00007ffb72f97000 	C:\Windows\System32\bcrypt.dll
0x00007ffb739d0000 - 0x00007ffb73a3b000 	C:\Windows\System32\WS2_32.dll
0x00007ffb72470000 - 0x00007ffb724bb000 	C:\Windows\SYSTEM32\POWRPROF.dll
0x00007ffb675c0000 - 0x00007ffb675e7000 	C:\Windows\SYSTEM32\WINMM.dll
0x00007ffb6b1e0000 - 0x00007ffb6b1ea000 	C:\Windows\SYSTEM32\VERSION.dll
0x00007ffb72450000 - 0x00007ffb72462000 	C:\Windows\SYSTEM32\UMPDC.dll
0x00007ffb704f0000 - 0x00007ffb70502000 	C:\Windows\SYSTEM32\kernel.appcore.dll
0x00007ffb662c0000 - 0x00007ffb662ca000 	C:\Program Files\Java\jdk-21.0.2\bin\jimage.dll
0x00007ffb6d8a0000 - 0x00007ffb6daa1000 	C:\Windows\SYSTEM32\DBGHELP.DLL
0x00007ffb6d690000 - 0x00007ffb6d6c4000 	C:\Windows\SYSTEM32\dbgcore.DLL
0x00007ffb727e0000 - 0x00007ffb72862000 	C:\Windows\System32\bcryptPrimitives.dll
0x00007ffb5bfe0000 - 0x00007ffb5bfff000 	C:\Program Files\Java\jdk-21.0.2\bin\java.dll
0x00007ffb74250000 - 0x00007ffb749c0000 	C:\Windows\System32\SHELL32.dll
0x00007ffb707d0000 - 0x00007ffb70f75000 	C:\Windows\SYSTEM32\windows.storage.dll
0x00007ffb735f0000 - 0x00007ffb73943000 	C:\Windows\System32\combase.dll
0x00007ffb72090000 - 0x00007ffb720bb000 	C:\Windows\SYSTEM32\Wldp.dll
0x00007ffb73190000 - 0x00007ffb7325d000 	C:\Windows\System32\OLEAUT32.dll
0x00007ffb74d80000 - 0x00007ffb74e2d000 	C:\Windows\System32\SHCORE.dll
0x00007ffb73f90000 - 0x00007ffb73feb000 	C:\Windows\System32\shlwapi.dll
0x00007ffb72660000 - 0x00007ffb72684000 	C:\Windows\SYSTEM32\profapi.dll
0x00007ffb3d010000 - 0x00007ffb3d0e7000 	C:\Program Files\Java\jdk-21.0.2\bin\jsvml.dll
0x00007ffb5d120000 - 0x00007ffb5d130000 	C:\Program Files\Java\jdk-21.0.2\bin\net.dll
0x00007ffb6ca50000 - 0x00007ffb6cb5a000 	C:\Windows\SYSTEM32\WINHTTP.dll
0x00007ffb71df0000 - 0x00007ffb71e5a000 	C:\Windows\system32\mswsock.dll
0x00007ffb5be10000 - 0x00007ffb5be26000 	C:\Program Files\Java\jdk-21.0.2\bin\nio.dll
0x00007ffb5bf80000 - 0x00007ffb5bf98000 	C:\Program Files\Java\jdk-21.0.2\bin\zip.dll
0x00007ffb5b980000 - 0x00007ffb5b989000 	C:\Program Files\Java\jdk-21.0.2\bin\attach.dll
0x00007ffb74b40000 - 0x00007ffb74b48000 	C:\Windows\System32\PSAPI.DLL

dbghelp: loaded successfully - version: 4.0.5 - missing functions: none
symbol engine: initialized successfully - sym options: 0x614 - pdb path: .;C:\Program Files\Java\jdk-21.0.2\bin;C:\Windows\SYSTEM32;C:\Windows\WinSxS\amd64_microsoft.windows.common-controls_6595b64144ccf1df_6.0.19041.6280_none_60bc30a171f2f3f3;C:\Program Files\Java\jdk-21.0.2\bin\server

VM Arguments:
jvm_args: -Dnet.bytebuddy.agent.attacher.dump= 
java_command: net.bytebuddy.agent.Attacher com.sun.tools.attach.VirtualMachine 23832 C:\Users\human-18\.gradle\caches\modules-2\files-2.1\net.bytebuddy\byte-buddy-agent\1.15.11\a38b16385e867f59a641330f0362ebe742788ed8\byte-buddy-agent-1.15.11.jar false 
java_class_path (initial): C:\Users\human-18\.gradle\caches\modules-2\files-2.1\net.bytebuddy\byte-buddy-agent\1.15.11\a38b16385e867f59a641330f0362ebe742788ed8\byte-buddy-agent-1.15.11.jar
Launcher Type: SUN_STANDARD

[Global flags]
     intx CICompilerCount                          = 4                                         {product} {ergonomic}
     uint ConcGCThreads                            = 2                                         {product} {ergonomic}
     uint G1ConcRefinementThreads                  = 8                                         {product} {ergonomic}
   size_t G1HeapRegionSize                         = 2097152                                   {product} {ergonomic}
    uintx GCDrainStackTargetSize                   = 64                                        {product} {ergonomic}
   size_t InitialHeapSize                          = 266338304                                 {product} {ergonomic}
   size_t MarkStackSize                            = 4194304                                   {product} {ergonomic}
   size_t MaxHeapSize                              = 4261412864                                {product} {ergonomic}
   size_t MaxNewSize                               = 2556428288                                {product} {ergonomic}
   size_t MinHeapDeltaBytes                        = 2097152                                   {product} {ergonomic}
   size_t MinHeapSize                              = 8388608                                   {product} {ergonomic}
    uintx NonNMethodCodeHeapSize                   = 5839372                                {pd product} {ergonomic}
    uintx NonProfiledCodeHeapSize                  = 122909434                              {pd product} {ergonomic}
    uintx ProfiledCodeHeapSize                     = 122909434                              {pd product} {ergonomic}
    uintx ReservedCodeCacheSize                    = 251658240                              {pd product} {ergonomic}
     bool SegmentedCodeCache                       = true                                      {product} {ergonomic}
   size_t SoftMaxHeapSize                          = 4261412864                             {manageable} {ergonomic}
     bool UseCompressedOops                        = true                           {product lp64_product} {ergonomic}
     bool UseG1GC                                  = true                                      {product} {ergonomic}
     bool UseLargePagesIndividualAllocation        = false                                  {pd product} {ergonomic}

Logging:
Log output configuration:
 #0: stdout all=warning uptime,level,tags foldmultilines=false
 #1: stderr all=off uptime,level,tags foldmultilines=false

Environment Variables:
JAVA_HOME=C:\Program Files\Java\jdk-21.0.2
PATH=C:\Oracle19c-X64\bin;C:\Windows\system32;C:\Windows;C:\Windows\System32\Wbem;C:\Windows\System32\WindowsPowerShell\v1.0\;C:\Windows\System32\OpenSSH\;C:\Program Files\Bandizip\;C:\Program Files\Git\cmd;C:\Program Files\TortoiseGit\bin;C:\Users\human-18\AppData\Local\Programs\Python\Launcher\;C:\Users\human-18\anaconda3;C:\Users\human-18\anaconda3\Library\mingw-w64\bin;C:\Users\human-18\anaconda3\Library\usr\bin;C:\Users\human-18\anaconda3\Library\bin;C:\Users\human-18\anaconda3\Scripts;C:\Users\human-18\AppData\Local\Microsoft\WindowsApps;C:\Program Files\Java\jdk-21.0.2\bin;C:\Users\human-18\AppData\Local\Programs\Microsoft VS Code\bin;C:\Program Files\JetBrains\IntelliJ IDEA Community Edition 2022.3.3\bin;;C:\Users\human-18\AppData\Local\Programs\cursor\resources\app\bin
USERNAME=human-18
LANG=en_US.UTF-8
OS=Windows_NT
PROCESSOR_IDENTIFIER=Intel64 Family 6 Model 60 Stepping 3, GenuineIntel
TMP=C:\Users\human-18\AppData\Local\Temp
TEMP=C:\Users\human-18\AppData\Local\Temp




Periodic native trim disabled

---------------  S Y S T E M  ---------------

OS:
 Windows 10 , 64 bit Build 19041 (10.0.19041.5915)
OS uptime: 12 days 18:10 hours

CPU: total 8 (initial active 8) (4 cores per cpu, 2 threads per core) family 6 model 60 stepping 3 microcode 0x27, cx8, cmov, fxsr, ht, mmx, sse, sse2, sse3, ssse3, sse4.1, sse4.2, popcnt, lzcnt, tsc, tscinvbit, avx, avx2, aes, erms, clmul, bmi1, bmi2, fma, vzeroupper, clflush, rdtscp, f16c
Processor Information for all 8 processors :
  Max Mhz: 3401, Current Mhz: 3401, Mhz Limit: 3401

Memory: 4k page, system-wide physical 16255M (361M free)
TotalPageFile size 31439M (AvailPageFile size 2M)
current process WorkingSet (physical memory assigned to process): 43M, peak: 43M
current process commit charge ("private bytes"): 342M, peak: 342M

vm_info: OpenJDK 64-Bit Server VM (21.0.2+13-58) for windows-amd64 JRE (21.0.2+13-58), built on 2024-01-05T18:32:24Z by "mach5one" with MS VC++ 17.1 (VS2022)

END.
